This file contains any messages produced by compilers while
running configure, to aid debugging if configure makes a mistake.

It was created by configure, which was
generated by GNU Autoconf 2.64.  Invocation command line was

  $ /home/larmstrong/gdb_source/gdb-7.7.1/gdb/configure --cache-file=./config.cache --with-system-zlib --program-transform-name=s,y,y, --disable-option-checking --build=x86_64-unknown-linux-gnu --host=x86_64-unknown-linux-gnu --target=x86_64-unknown-linux-gnu --srcdir=.././gdb

## --------- ##
## Platform. ##
## --------- ##

hostname = lha-vm
uname -m = x86_64
uname -r = 3.13.0-27-generic
uname -s = Linux
uname -v = #50-Ubuntu SMP Thu May 15 18:06:16 UTC 2014

/usr/bin/uname -p = unknown
/bin/uname -X     = unknown

/bin/arch              = unknown
/usr/bin/arch -k       = unknown
/usr/convex/getsysinfo = unknown
/usr/bin/hostinfo      = unknown
/bin/machine           = unknown
/usr/bin/oslevel       = unknown
/bin/universe          = unknown

PATH: /home/larmstrong/catkin_ws_boeing/devel/bin
PATH: /opt/ros/indigo/bin
PATH: /usr/local/sbin
PATH: /usr/local/bin
PATH: /usr/sbin
PATH: /usr/bin
PATH: /sbin
PATH: /bin
PATH: /usr/games
PATH: /usr/local/games


## ----------- ##
## Core tests. ##
## ----------- ##

configure:2600: loading cache ./config.cache
configure:2687: checking whether to enable maintainer-specific portions of Makefiles
configure:2696: result: no
configure:2721: checking for x86_64-unknown-linux-gnu-gcc
configure:2748: result: gcc
configure:3017: checking for C compiler version
configure:3026: gcc --version >&5
gcc (Ubuntu 4.8.2-19ubuntu1) 4.8.2
Copyright (C) 2013 Free Software Foundation, Inc.
This is free software; see the source for copying conditions.  There is NO
warranty; not even for MERCHANTABILITY or FITNESS FOR A PARTICULAR PURPOSE.

configure:3037: $? = 0
configure:3026: gcc -v >&5
Using built-in specs.
COLLECT_GCC=gcc
COLLECT_LTO_WRAPPER=/usr/lib/gcc/x86_64-linux-gnu/4.8/lto-wrapper
Target: x86_64-linux-gnu
Configured with: ../src/configure -v --with-pkgversion='Ubuntu 4.8.2-19ubuntu1' --with-bugurl=file:///usr/share/doc/gcc-4.8/README.Bugs --enable-languages=c,c++,java,go,d,fortran,objc,obj-c++ --prefix=/usr --program-suffix=-4.8 --enable-shared --enable-linker-build-id --libexecdir=/usr/lib --without-included-gettext --enable-threads=posix --with-gxx-include-dir=/usr/include/c++/4.8 --libdir=/usr/lib --enable-nls --with-sysroot=/ --enable-clocale=gnu --enable-libstdcxx-debug --enable-libstdcxx-time=yes --enable-gnu-unique-object --disable-libmudflap --enable-plugin --with-system-zlib --disable-browser-plugin --enable-java-awt=gtk --enable-gtk-cairo --with-java-home=/usr/lib/jvm/java-1.5.0-gcj-4.8-amd64/jre --enable-java-home --with-jvm-root-dir=/usr/lib/jvm/java-1.5.0-gcj-4.8-amd64 --with-jvm-jar-dir=/usr/lib/jvm-exports/java-1.5.0-gcj-4.8-amd64 --with-arch-directory=amd64 --with-ecj-jar=/usr/share/java/eclipse-ecj.jar --enable-objc-gc --enable-multiarch --disable-werror --with-arch-32=i686 --with-abi=m64 --with-multilib-list=m32,m64,mx32 --with-tune=generic --enable-checking=release --build=x86_64-linux-gnu --host=x86_64-linux-gnu --target=x86_64-linux-gnu
Thread model: posix
gcc version 4.8.2 (Ubuntu 4.8.2-19ubuntu1) 
configure:3037: $? = 0
configure:3026: gcc -V >&5
gcc: error: unrecognized command line option '-V'
gcc: fatal error: no input files
compilation terminated.
configure:3037: $? = 4
configure:3026: gcc -qversion >&5
gcc: error: unrecognized command line option '-qversion'
gcc: fatal error: no input files
compilation terminated.
configure:3037: $? = 4
configure:3057: checking for C compiler default output file name
configure:3079: gcc -g -O2  -static-libstdc++ -static-libgcc  conftest.c  >&5
configure:3083: $? = 0
configure:3120: result: a.out
configure:3136: checking whether the C compiler works
configure:3145: ./a.out
configure:3149: $? = 0
configure:3164: result: yes
configure:3171: checking whether we are cross compiling
configure:3173: result: no
configure:3176: checking for suffix of executables
configure:3183: gcc -o conftest -g -O2  -static-libstdc++ -static-libgcc  conftest.c  >&5
configure:3187: $? = 0
configure:3209: result: 
configure:3215: checking for suffix of object files
configure:3262: result: o
configure:3266: checking whether we are using the GNU C compiler
configure:3294: result: yes
configure:3303: checking whether gcc accepts -g
configure:3364: result: yes
configure:3381: checking for gcc option to accept ISO C89
configure:3458: result: none needed
configure:3484: checking how to run the C preprocessor
configure:3554: result: gcc -E
configure:3574: gcc -E  conftest.c
configure:3574: $? = 0
configure:3588: gcc -E  conftest.c
conftest.c:9:28: fatal error: ac_nonexistent.h: No such file or directory
 #include <ac_nonexistent.h>
                            ^
compilation terminated.
configure:3588: $? = 1
configure: failed program was:
| /* confdefs.h */
| #define PACKAGE_NAME ""
| #define PACKAGE_TARNAME ""
| #define PACKAGE_VERSION ""
| #define PACKAGE_STRING ""
| #define PACKAGE_BUGREPORT ""
| #define PACKAGE_URL ""
| /* end confdefs.h.  */
| #include <ac_nonexistent.h>
configure:3617: checking for grep that handles long lines and -e
configure:3675: result: /bin/grep
configure:3680: checking for egrep
configure:3742: result: /bin/grep -E
configure:3747: checking for ANSI C header files
configure:3851: result: yes
configure:3864: checking for sys/types.h
configure:3864: result: yes
configure:3864: checking for sys/stat.h
configure:3864: result: yes
configure:3864: checking for stdlib.h
configure:3864: result: yes
configure:3864: checking for string.h
configure:3864: result: yes
configure:3864: checking for memory.h
configure:3864: result: yes
configure:3864: checking for strings.h
configure:3864: result: yes
configure:3864: checking for inttypes.h
configure:3864: result: yes
configure:3864: checking for stdint.h
configure:3864: result: yes
configure:3864: checking for unistd.h
configure:3864: result: yes
configure:3878: checking for minix/config.h
configure:3878: result: no
configure:3899: checking whether it is safe to define __EXTENSIONS__
configure:3924: result: yes
configure:3965: checking build system type
configure:3979: result: x86_64-unknown-linux-gnu
configure:3999: checking host system type
configure:4012: result: x86_64-unknown-linux-gnu
configure:4032: checking target system type
configure:4045: result: x86_64-unknown-linux-gnu
configure:4114: checking for special C compiler options needed for large files
configure:4159: result: no
configure:4165: checking for _FILE_OFFSET_BITS value needed for large files
configure:4222: result: no
configure:4309: checking for gcc option to accept ANSI C
configure:4377: result: none needed
configure:4554: checking dependency style of gcc
configure:4639: result: gcc3
configure:4653: checking for make
configure:4680: result: make
configure:4705: checking whether make sets $(MAKE)
configure:4727: result: yes
configure:4806: === configuring in build-gnulib (/home/larmstrong/gdb_source/gdb-7.7.1/gdb/build-gnulib)
configure:4828: running /bin/bash .././gnulib/configure --disable-option-checking '--prefix=NONE'  '--with-system-zlib' '--program-transform-name=s,y,y,' '--build=x86_64-unknown-linux-gnu' '--host=x86_64-unknown-linux-gnu' '--target=x86_64-unknown-linux-gnu' 'build_alias=x86_64-unknown-linux-gnu' 'host_alias=x86_64-unknown-linux-gnu' 'target_alias=x86_64-unknown-linux-gnu' 'CC=gcc' 'CFLAGS=-g -O2' 'LDFLAGS=-static-libstdc++ -static-libgcc ' 'MAKEINFO=/home/larmstrong/gdb_source/gdb-7.7.1/missing makeinfo --split-size=5000000' 'YACC=/home/larmstrong/gdb_source/gdb-7.7.1/missing bison -y' --cache-file=./config.cache --srcdir=.././gnulib
configure:4862: checking whether NLS is requested
configure:4868: result: yes
configure:4874: checking for catalogs to be installed
configure:4906: result: 
configure:4953: checking whether /home/larmstrong/gdb_source/gdb-7.7.1/missing makeinfo --split-size=5000000 supports @click
configure:4965: result: no
configure:5105: checking for default auto-load directory
configure:5127: result: $debugdir:$datadir/auto-load
configure:5130: checking for default auto-load safe-path
configure:5154: result: $debugdir:$datadir/auto-load
configure:5448: checking for libunwind-ia64.h
configure:5448: result: no
configure:5516: checking for monstartup
configure:5516: result: yes
configure:5516: checking for _mcleanup
configure:5516: result: yes
configure:5526: checking for _etext
configure:5552: result: yes
configure:5559: checking for etext
configure:5585: result: yes
configure:5697: checking for gawk
configure:5724: result: mawk
configure:5749: checking for a BSD-compatible install
configure:5817: result: /usr/bin/install -c
configure:5828: checking whether ln -s works
configure:5832: result: yes
configure:5842: checking for x86_64-unknown-linux-gnu-ranlib
configure:5869: result: ranlib
configure:5935: checking for bison
configure:5962: result: /home/larmstrong/gdb_source/gdb-7.7.1/missing bison -y
configure:5978: checking for x86_64-unknown-linux-gnu-ar
configure:6005: result: ar
configure:6070: checking for x86_64-unknown-linux-gnu-dlltool
configure:6097: result: dlltool
configure:6162: checking for x86_64-unknown-linux-gnu-windres
configure:6189: result: windres
configure:6358: checking for main in -lm
configure:6386: result: yes
configure:6402: checking for wctype
configure:6402: result: yes
configure:6455: checking for library containing gethostbyname
configure:6503: result: none required
configure:6513: checking for library containing socketpair
configure:6561: result: none required
configure:6583: checking for library containing zlibVersion
configure:6631: result: -lz
configure:6638: checking for zlib.h
configure:6638: result: yes
configure:6657: checking for library containing dlgetmodinfo
configure:6705: result: no
configure:6731: checking for iconv
configure:6838: result: yes
configure:6862: checking for iconv declaration
configure:6902: result: install-shextern size_t iconv (iconv_t cd, char * *inbuf, size_t *inbytesleft, char * *outbuf, size_t *outbytesleft);
configure:7005: checking for library containing waddstr
configure:7053: result: no
configure:7080: WARNING: no enhanced curses library found; disabling TUI
configure:7107: checking for library containing tgetent
configure:7155: result: -ltermcap
configure:7200: checking size of unsigned long long
configure:7220: result: 8
configure:7234: checking size of unsigned long
configure:7254: result: 8
configure:7268: checking size of unsigned __int128
configure:7288: result: 16
configure:7313: checking for library containing dlopen
configure:7361: result: -ldl
configure:7425: checking whether to use expat
configure:7427: result: auto
configure:7475: checking for ld used by GCC
configure:7538: result: ld
configure:7545: checking if the linker (ld) is GNU ld
configure:7557: result: yes
configure:7563: checking for shared library run path origin
configure:7576: result: done
configure:8003: checking for libexpat
configure:8032: result: yes
configure:8039: checking how to link with libexpat
configure:8041: result: -lexpat
configure:8067: checking for XML_StopParser
configure:8067: result: yes
configure:8096: checking whether to use python
configure:8098: result: auto
configure:8147: checking for python
configure:8178: result: /usr/bin/python
configure:8316: checking for python2.7
configure:8334: gcc -o conftest -g -O2   -I/usr/include/python2.7 -I/usr/include/python2.7 -static-libstdc++ -static-libgcc  conftest.c -ldl -ltermcap -lz -lm    -lpthread -ldl -lutil -lm -lpython2.7 -Xlinker -export-dynamic -Wl,-O1 -Wl,-Bsymbolic-functions >&5
configure:8334: $? = 0
configure:8344: result: yes
configure:8591: checking compiler flags for python code
configure:8608: gcc -c -g -O2 -fno-strict-aliasing   conftest.c >&5
configure:8608: $? = 0
configure:8608: gcc -c -g -O2 -DNDEBUG   conftest.c >&5
configure:8608: $? = 0
configure:8608: gcc -c -g -O2 -fwrapv   conftest.c >&5
configure:8608: $? = 0
configure:8614: result:  -fno-strict-aliasing -DNDEBUG -fwrapv
configure:8650: checking whether python supports threads
configure:8665: gcc -E -I/usr/include/python2.7 -I/usr/include/python2.7 conftest.c
conftest.c:59:3: error: #error 
 # error
   ^
configure:8665: $? = 1
configure: failed program was:
| /* confdefs.h */
| #define PACKAGE_NAME ""
| #define PACKAGE_TARNAME ""
| #define PACKAGE_VERSION ""
| #define PACKAGE_STRING ""
| #define PACKAGE_BUGREPORT ""
| #define PACKAGE_URL ""
| #define STDC_HEADERS 1
| #define HAVE_SYS_TYPES_H 1
| #define HAVE_SYS_STAT_H 1
| #define HAVE_STDLIB_H 1
| #define HAVE_STRING_H 1
| #define HAVE_MEMORY_H 1
| #define HAVE_STRINGS_H 1
| #define HAVE_INTTYPES_H 1
| #define HAVE_STDINT_H 1
| #define HAVE_UNISTD_H 1
| #define __EXTENSIONS__ 1
| #define _ALL_SOURCE 1
| #define _GNU_SOURCE 1
| #define _POSIX_PTHREAD_SEMANTICS 1
| #define _TANDEM_SOURCE 1
| #define ENABLE_NLS 1
| #define PACKAGE "gdb"
| #define DEBUGDIR "/usr/local/lib/debug"
| #define DEBUGDIR_RELOCATABLE 1
| #define BINDIR "/usr/local/bin"
| #define GDB_DATADIR "/usr/local/share/gdb"
| #define GDB_DATADIR_RELOCATABLE 1
| #define AUTO_LOAD_DIR "$debugdir:$datadir/auto-load"
| #define AUTO_LOAD_SAFE_PATH "$debugdir:$datadir/auto-load"
| #define DEFAULT_BFD_ARCH bfd_i386_arch
| #define DEFAULT_BFD_VEC bfd_elf64_x86_64_vec
| #define HAVE_MONSTARTUP 1
| #define HAVE__MCLEANUP 1
| #define HAVE__ETEXT 1
| #define HAVE_ETEXT 1
| #define PKGVERSION "(GDB) "
| #define REPORT_BUGS_TO "<http://www.gnu.org/software/gdb/bugs/>"
| #define HAVE_LIBM 1
| #define HAVE_ZLIB_H 1
| #define HAVE_ICONV 1
| #define ICONV_CONST 
| #define SIZEOF_UNSIGNED_LONG_LONG 8
| #define SIZEOF_UNSIGNED_LONG 8
| #define SIZEOF_UNSIGNED___INT128 16
| #define JIT_READER_DIR "/usr/local/lib/gdb"
| #define JIT_READER_DIR_RELOCATABLE 1
| #define HAVE_LIBEXPAT 1
| #define HAVE_XML_STOPPARSER 1
| #define HAVE_LIBPYTHON2_7 1
| #define WITH_PYTHON_PATH "/usr"
| #define PYTHON_PATH_RELOCATABLE 0
| #define HAVE_PYTHON 1
| /* end confdefs.h.  */
| 
| #include <Python.h>
| #ifdef WITH_THREAD
| # error
| #endif
| 
configure:8671: result: yes
configure:8768: checking for ANSI C header files
configure:8872: result: yes
configure:8892: checking for nlist.h
configure:8892: result: no
configure:8892: checking for machine/reg.h
configure:8892: result: no
configure:8892: checking for poll.h
configure:8892: result: yes
configure:8892: checking for sys/poll.h
configure:8892: result: yes
configure:8892: checking for proc_service.h
configure:8892: result: no
configure:8892: checking for thread_db.h
configure:8892: result: yes
configure:8892: checking for sys/fault.h
configure:8892: result: no
configure:8892: checking for sys/file.h
configure:8892: result: yes
configure:8892: checking for sys/filio.h
configure:8892: result: no
configure:8892: checking for sys/ioctl.h
configure:8892: result: yes
configure:8892: checking for sys/param.h
configure:8892: result: yes
configure:8892: checking for sys/resource.h
configure:8892: result: yes
configure:8892: checking for sys/procfs.h
configure:8892: result: yes
configure:8892: checking for sys/ptrace.h
configure:8892: result: yes
configure:8892: checking for ptrace.h
configure:8892: result: no
configure:8892: checking for sys/reg.h
configure:8892: result: yes
configure:8892: checking for sys/debugreg.h
configure:8892: result: yes
configure:8892: checking for sys/select.h
configure:8892: result: yes
configure:8892: checking for sys/syscall.h
configure:8892: result: yes
configure:8892: checking for termios.h
configure:8892: result: yes
configure:8892: checking for termio.h
configure:8892: result: yes
configure:8892: checking for sgtty.h
configure:8892: result: yes
configure:8892: checking for elf_hp.h
configure:8892: result: no
configure:8892: checking for dlfcn.h
configure:8892: result: yes
configure:8905: checking for sys/proc.h
configure:8905: result: no
configure:8921: checking for sys/user.h
configure:8921: result: yes
configure:8950: checking for curses.h
configure:8950: result: no
configure:8950: checking for cursesX.h
configure:8950: result: no
configure:8950: checking for ncurses.h
configure:8950: result: no
configure:8950: checking for ncurses/ncurses.h
configure:8950: result: no
configure:8950: checking for ncurses/term.h
configure:8950: result: no
configure:8963: checking for term.h
configure:8963: result: no
configure:8982: checking whether free is declared
configure:8982: result: yes
configure:8992: checking whether malloc is declared
configure:8992: result: yes
configure:9002: checking whether realloc is declared
configure:9002: result: yes
configure:9012: checking whether snprintf is declared
configure:9012: result: yes
configure:9024: checking for LC_MESSAGES
configure:9048: result: yes
configure:9061: checking for struct stat.st_blocks
configure:9061: result: yes
configure:9070: checking for struct stat.st_blksize
configure:9070: result: yes
configure:9085: checking return type of signal handlers
configure:9110: result: void
configure:9118: checking for socklen_t
configure:9118: result: yes
configure:9136: checking for an ANSI C-conforming const
configure:9208: result: yes
configure:9216: checking for inline
configure:9240: result: inline
configure:9258: checking whether byte ordering is bigendian
configure:9464: result: no
configure:9489: checking for working alloca.h
configure:9514: result: yes
configure:9522: checking for alloca
configure:9567: result: yes
configure:9680: checking for stdlib.h
configure:9680: result: yes
configure:9680: checking for unistd.h
configure:9680: result: yes
configure:9693: checking for getpagesize
configure:9693: result: yes
configure:9702: checking for working mmap
configure:9849: result: yes
configure:9858: checking for pid_t
configure:9858: result: yes
configure:9871: checking for vfork.h
configure:9871: result: no
configure:9884: checking for fork
configure:9884: result: yes
configure:9884: checking for vfork
configure:9884: result: yes
configure:9895: checking for working fork
configure:9927: result: yes
configure:9948: checking for working vfork
configure:10058: result: yes
configure:10092: checking for canonicalize_file_name
configure:10092: result: yes
configure:10092: checking for realpath
configure:10092: result: yes
configure:10092: checking for getrusage
configure:10092: result: yes
configure:10092: checking for getuid
configure:10092: result: yes
configure:10092: checking for getgid
configure:10092: result: yes
configure:10092: checking for pipe
configure:10092: result: yes
configure:10092: checking for poll
configure:10092: result: yes
configure:10092: checking for pread
configure:10092: result: yes
configure:10092: checking for pread64
configure:10092: result: yes
configure:10092: checking for pwrite
configure:10092: result: yes
configure:10092: checking for readlink
configure:10092: result: yes
configure:10092: checking for resize_term
configure:10092: result: no
configure:10092: checking for sbrk
configure:10092: result: yes
configure:10092: checking for setpgid
configure:10092: result: yes
configure:10092: checking for setpgrp
configure:10092: result: yes
configure:10092: checking for setsid
configure:10092: result: yes
configure:10092: checking for sigaction
configure:10092: result: yes
configure:10092: checking for sigprocmask
configure:10092: result: yes
configure:10092: checking for sigsetmask
configure:10092: result: yes
configure:10092: checking for socketpair
configure:10092: result: yes
configure:10092: checking for ttrace
configure:10092: result: no
configure:10092: checking for wborder
configure:10092: result: no
configure:10092: checking for wresize
configure:10092: result: no
configure:10092: checking for setlocale
configure:10092: result: yes
configure:10092: checking for iconvlist
configure:10092: result: no
configure:10092: checking for libiconvlist
configure:10092: result: no
configure:10092: checking for btowc
configure:10092: result: yes
configure:10092: checking for setrlimit
configure:10092: result: yes
configure:10092: checking for getrlimit
configure:10092: result: yes
configure:10092: checking for posix_madvise
configure:10092: result: yes
configure:10092: checking for waitpid
configure:10092: result: yes
configure:10092: checking for lstat
configure:10092: result: yes
configure:10092: checking for ptrace64
configure:10092: result: no
configure:10103: checking for nl_langinfo and CODESET
configure:10128: result: yes
configure:10137: checking for ANSI C header files
configure:10241: result: yes
configure:10251: checking for working alloca.h
configure:10276: result: yes
configure:10284: checking for alloca
configure:10329: result: yes
configure:10441: checking for nl_langinfo and CODESET
configure:10466: result: yes
configure:10478: checking for linux/perf_event.h
configure:10478: result: yes
configure:10478: checking for locale.h
configure:10478: result: yes
configure:10478: checking for memory.h
configure:10478: result: yes
configure:10478: checking for signal.h
configure:10478: result: yes
configure:10478: checking for sys/resource.h
configure:10478: result: yes
configure:10478: checking for sys/socket.h
configure:10478: result: yes
configure:10478: checking for sys/syscall.h
configure:10478: result: yes
configure:10478: checking for sys/un.h
configure:10478: result: yes
configure:10478: checking for sys/wait.h
configure:10478: result: yes
configure:10478: checking for thread_db.h
configure:10478: result: yes
configure:10478: checking for wait.h
configure:10478: result: yes
configure:10493: checking for fdwalk
configure:10493: result: no
configure:10493: checking for getrlimit
configure:10493: result: yes
configure:10493: checking for pipe
configure:10493: result: yes
configure:10493: checking for pipe2
configure:10493: result: yes
configure:10493: checking for socketpair
configure:10493: result: yes
configure:10504: checking whether strerror is declared
configure:10504: result: yes
configure:10514: checking whether strstr is declared
configure:10514: result: yes
configure:10539: checking whether ptrace is declared
configure:10539: result: yes
configure:10561: checking return type of ptrace
configure:10600: result: long
configure:10608: checking types of arguments for ptrace
configure:10684: result: int,int,long,long
configure:10709: checking whether setpgrp takes no argument
configure:10741: result: yes
configure:10790: checking for sigsetjmp
configure:10815: result: yes
configure:10828: checking for GNU regex
configure:10854: result: yes
configure:10875: checking for struct thread.td_pcb
configure:10875: result: no
configure:10890: checking for struct lwp
configure:10914: result: no
configure:10923: checking for struct reg in machine/reg.h
configure:10947: result: no
configure:10957: checking for struct reg.r_fs
configure:10957: result: no
configure:10967: checking for struct reg.r_gs
configure:10967: result: no
configure:10982: checking for struct user_regs_struct.fs_base
configure:10982: result: yes
configure:10992: checking for struct user_regs_struct.gs_base
configure:10992: result: yes
configure:11005: checking for PTRACE_GETREGS
configure:11029: result: yes
configure:11038: checking for PTRACE_GETFPXREGS
configure:11062: result: yes
configure:11071: checking for PT_GETDBREGS
configure:11096: result: no
configure:11105: checking for PT_GETXMMREGS
configure:11130: result: no
configure:11162: checking for gregset_t in sys/procfs.h
configure:11196: result: no
configure:11199: checking for fpregset_t in sys/procfs.h
configure:11233: result: no
configure:11236: checking for prgregset_t in sys/procfs.h
configure:11270: result: yes
configure:11273: checking for prfpregset_t in sys/procfs.h
configure:11307: result: yes
configure:11310: checking for prgregset32_t in sys/procfs.h
configure:11344: result: no
configure:11347: checking for lwpid_t in sys/procfs.h
configure:11381: result: yes
configure:11384: checking for psaddr_t in sys/procfs.h
configure:11418: result: yes
configure:11421: checking for prsysent_t in sys/procfs.h
configure:11455: result: no
configure:11458: checking for pr_sigset_t in sys/procfs.h
configure:11492: result: no
configure:11495: checking for pr_sigaction64_t in sys/procfs.h
configure:11529: result: no
configure:11532: checking for pr_siginfo64_t in sys/procfs.h
configure:11566: result: no
configure:11574: checking whether prfpregset_t type is broken
configure:11603: result: no
configure:11615: checking for long long support in compiler
configure:11638: result: yes
configure:11647: checking for long long support in printf
configure:11683: result: yes
configure:11693: checking for decfloat support in printf
configure:11727: result: no
configure:11740: checking for long double support in compiler
configure:11756: result: yes
configure:11766: checking for long double support in printf
configure:11798: result: yes
configure:11808: checking for long double support in scanf
configure:11840: result: yes
configure:11891: checking for the dynamic export flag
configure:11946: gcc -o conftest -g -O2  -fno-strict-aliasing -DNDEBUG -fwrapv   -static-libstdc++ -static-libgcc  -Wl,--dynamic-list=./proc-service.list conftest.c -ldl -ltermcap -lz -lm    -lpthread -ldl -lutil -lm -lpython2.7 -Xlinker -export-dynamic -Wl,-O1 -Wl,-Bsymbolic-functions >&5
configure:11946: $? = 0
configure:11946: ./conftest
configure:11946: $? = 0
configure:11966: result: -Wl,--dynamic-list
configure:12133: checking whether <thread_db.h> has TD_NOTALLOC
configure:12158: result: yes
configure:12160: checking whether <thread_db.h> has TD_VERSION
configure:12185: result: yes
configure:12187: checking whether <thread_db.h> has TD_NOTLS
configure:12212: result: yes
configure:12232: checking whether <sys/syscall.h> has __NR_tkill
configure:12257: result: yes
configure:12261: checking for syscall
configure:12261: result: yes
configure:12271: checking whether ADDR_NO_RANDOMIZE is declared
configure:12271: result: yes
configure:12329: gcc -o conftest -g -O2   -static-libstdc++ -static-libgcc  conftest.c -ldl -ltermcap -lz -lm    >&5
configure:12329: $? = 0
configure:12329: ./conftest
configure:12329: $? = 0
configure:12524: checking compiler warning flags
configure:12545: gcc -c -g -O2 -Wall   conftest.c >&5
configure:12545: $? = 0
configure:12545: gcc -c -g -O2 -Wdeclaration-after-statement   conftest.c >&5
configure:12545: $? = 0
configure:12545: gcc -c -g -O2 -Wpointer-arith   conftest.c >&5
configure:12545: $? = 0
configure:12545: gcc -c -g -O2 -Wpointer-sign   conftest.c >&5
configure:12545: $? = 0
configure:12545: gcc -c -g -O2 -Wno-unused   conftest.c >&5
configure:12545: $? = 0
configure:12545: gcc -c -g -O2 -Wunused-value   conftest.c >&5
configure:12545: $? = 0
configure:12545: gcc -c -g -O2 -Wunused-function   conftest.c >&5
configure:12545: $? = 0
configure:12545: gcc -c -g -O2 -Wno-switch   conftest.c >&5
configure:12545: $? = 0
configure:12545: gcc -c -g -O2 -Wno-char-subscripts   conftest.c >&5
configure:12545: $? = 0
configure:12545: gcc -c -g -O2 -Wmissing-prototypes   conftest.c >&5
configure:12545: $? = 0
configure:12545: gcc -c -g -O2 -Wdeclaration-after-statement   conftest.c >&5
configure:12545: $? = 0
configure:12545: gcc -c -g -O2 -Wempty-body   conftest.c >&5
configure:12545: $? = 0
configure:12545: gcc -c -g -O2 -Wmissing-parameter-type   conftest.c >&5
configure:12545: $? = 0
configure:12545: gcc -c -g -O2 -Wold-style-declaration   conftest.c >&5
configure:12545: $? = 0
configure:12545: gcc -c -g -O2 -Wold-style-definition   conftest.c >&5
conftest.c: In function 'main':
conftest.c:173:1: warning: old-style function definition [-Wold-style-definition]
 main ()
 ^
configure:12545: $? = 0
configure:12545: gcc -c -g -O2 -Wformat-nonliteral   conftest.c >&5
configure:12545: $? = 0
configure:12552: result:  -Wall -Wdeclaration-after-statement -Wpointer-arith -Wpointer-sign -Wno-unused -Wunused-value -Wunused-function -Wno-switch -Wno-char-subscripts -Wmissing-prototypes -Wdeclaration-after-statement -Wempty-body -Wmissing-parameter-type -Wold-style-declaration -Wold-style-definition -Wformat-nonliteral 
configure:12559: checking for cygwin
configure:12580: result: no
configure:12684: checking for ELF support in BFD
configure:12711: result: yes
configure:12853: checking for Mach-O support in BFD
configure:12880: result: no
configure:12960: checking for SOM support in BFD
configure:12987: result: no
configure:13009: checking whether to use lzma
configure:13011: result: auto
configure:13425: checking for liblzma
configure:13456: result: yes
configure:13463: checking how to link with liblzma
configure:13465: result: -llzma
configure:14012: checking for X
configure:14201: result: libraries , headers 
configure:14340: checking whether gdbserver is supported on this host
configure:14343: result: yes
configure:14369: checking whether to use babeltrace
configure:14371: result: auto
configure:14796: checking for libbabeltrace
configure:14834: result: no
configure:14863: WARNING: babeltrace is missing or unusable; GDB is unable to read CTF data.
configure:15037: creating ./config.status

## ---------------------- ##
## Running config.status. ##
## ---------------------- ##

This file was extended by config.status, which was
generated by GNU Autoconf 2.64.  Invocation command line was

  CONFIG_FILES    = 
  CONFIG_HEADERS  = 
  CONFIG_LINKS    = 
  CONFIG_COMMANDS = 
  $ ./config.status 

on lha-vm

config.status:1151: creating jit-reader.h
config.status:1151: creating gcore
config.status:1151: creating Makefile
config.status:1151: creating gdb-gdb.gdb
config.status:1151: creating doc/Makefile
config.status:1151: creating data-directory/Makefile
config.status:1151: creating config.h
config.status:1322: config.h is unchanged
config.status:1348: linking config/nm-linux.h to nm.h
config.status:1367: executing depdir commands
config.status:1367: executing default commands
configure:16365: === configuring in testsuite (/home/larmstrong/gdb_source/gdb-7.7.1/gdb/testsuite)
configure:16428: running /bin/bash ./configure --disable-option-checking '--prefix=/usr/local'  '--with-system-zlib' '--program-transform-name=s,y,y,' '--build=x86_64-unknown-linux-gnu' '--host=x86_64-unknown-linux-gnu' '--target=x86_64-unknown-linux-gnu' 'build_alias=x86_64-unknown-linux-gnu' 'host_alias=x86_64-unknown-linux-gnu' 'target_alias=x86_64-unknown-linux-gnu' 'CC=gcc' 'CFLAGS=-g -O2' 'LDFLAGS=-static-libstdc++ -static-libgcc ' 'MAKEINFO=/home/larmstrong/gdb_source/gdb-7.7.1/missing makeinfo --split-size=5000000' 'YACC=/home/larmstrong/gdb_source/gdb-7.7.1/missing bison -y' --cache-file=.././config.cache --srcdir=.
configure:16365: === configuring in gdbserver (/home/larmstrong/gdb_source/gdb-7.7.1/gdb/gdbserver)
configure:16428: running /bin/bash ./configure --disable-option-checking '--prefix=/usr/local'  '--with-system-zlib' '--program-transform-name=s,y,y,' '--build=x86_64-unknown-linux-gnu' '--host=x86_64-unknown-linux-gnu' '--target=x86_64-unknown-linux-gnu' 'build_alias=x86_64-unknown-linux-gnu' 'host_alias=x86_64-unknown-linux-gnu' 'target_alias=x86_64-unknown-linux-gnu' 'CC=gcc' 'CFLAGS=-g -O2' 'LDFLAGS=-static-libstdc++ -static-libgcc ' 'MAKEINFO=/home/larmstrong/gdb_source/gdb-7.7.1/missing makeinfo --split-size=5000000' 'YACC=/home/larmstrong/gdb_source/gdb-7.7.1/missing bison -y' --cache-file=.././config.cache --srcdir=.

## ---------------- ##
## Cache variables. ##
## ---------------- ##

ac_cv_build=x86_64-unknown-linux-gnu
ac_cv_c_bigendian=no
ac_cv_c_compiler_gnu=yes
ac_cv_c_const=yes
ac_cv_c_inline=inline
ac_cv_env_CC_set=set
ac_cv_env_CC_value=gcc
ac_cv_env_CFLAGS_set=set
ac_cv_env_CFLAGS_value='-g -O2'
ac_cv_env_CPPFLAGS_set=
ac_cv_env_CPPFLAGS_value=
ac_cv_env_CPP_set=
ac_cv_env_CPP_value=
ac_cv_env_LDFLAGS_set=set
ac_cv_env_LDFLAGS_value='-static-libstdc++ -static-libgcc '
ac_cv_env_LIBS_set=
ac_cv_env_LIBS_value=
ac_cv_env_MAKEINFOFLAGS_set=
ac_cv_env_MAKEINFOFLAGS_value=
ac_cv_env_MAKEINFO_set=set
ac_cv_env_MAKEINFO_value='/home/larmstrong/gdb_source/gdb-7.7.1/missing makeinfo --split-size=5000000'
ac_cv_env_XMKMF_set=
ac_cv_env_XMKMF_value=
ac_cv_env_YACC_set=set
ac_cv_env_YACC_value='/home/larmstrong/gdb_source/gdb-7.7.1/missing bison -y'
ac_cv_env_YFLAGS_set=
ac_cv_env_YFLAGS_value=
ac_cv_env_build_alias_set=set
ac_cv_env_build_alias_value=x86_64-unknown-linux-gnu
ac_cv_env_host_alias_set=set
ac_cv_env_host_alias_value=x86_64-unknown-linux-gnu
ac_cv_env_target_alias_set=set
ac_cv_env_target_alias_value=x86_64-unknown-linux-gnu
ac_cv_func_XML_StopParser=yes
ac_cv_func__mcleanup=yes
ac_cv_func_alloca_works=yes
ac_cv_func_btowc=yes
ac_cv_func_canonicalize_file_name=yes
ac_cv_func_dladdr=yes
ac_cv_func_fdwalk=no
ac_cv_func_fork=yes
ac_cv_func_fork_works=yes
ac_cv_func_getgid=yes
ac_cv_func_getpagesize=yes
ac_cv_func_getrlimit=yes
ac_cv_func_getrusage=yes
ac_cv_func_getuid=yes
ac_cv_func_iconvlist=no
ac_cv_func_libiconvlist=no
ac_cv_func_lstat=yes
ac_cv_func_mmap_fixed_mapped=yes
ac_cv_func_monstartup=yes
ac_cv_func_pipe2=yes
ac_cv_func_pipe=yes
ac_cv_func_poll=yes
ac_cv_func_posix_madvise=yes
ac_cv_func_pread64=yes
ac_cv_func_pread=yes
ac_cv_func_ptrace64=no
ac_cv_func_pwrite=yes
ac_cv_func_readlink=yes
ac_cv_func_realpath=yes
ac_cv_func_resize_term=no
ac_cv_func_sbrk=yes
ac_cv_func_setlocale=yes
ac_cv_func_setpgid=yes
ac_cv_func_setpgrp=yes
ac_cv_func_setpgrp_void=yes
ac_cv_func_setrlimit=yes
ac_cv_func_setsid=yes
ac_cv_func_sigaction=yes
ac_cv_func_sigprocmask=yes
ac_cv_func_sigsetmask=yes
ac_cv_func_socketpair=yes
ac_cv_func_syscall=yes
ac_cv_func_ttrace=no
ac_cv_func_vasprintf=yes
ac_cv_func_vfork=yes
ac_cv_func_vfork_works=yes
ac_cv_func_vsnprintf=yes
ac_cv_func_waitpid=yes
ac_cv_func_wborder=no
ac_cv_func_wctype=yes
ac_cv_func_wresize=no
ac_cv_have_decl_ADDR_NO_RANDOMIZE=yes
ac_cv_have_decl_free=yes
ac_cv_have_decl_malloc=yes
ac_cv_have_decl_perror=yes
ac_cv_have_decl_ptrace=yes
ac_cv_have_decl_realloc=yes
ac_cv_have_decl_snprintf=yes
ac_cv_have_decl_strerror=yes
ac_cv_have_decl_strstr=yes
ac_cv_have_decl_vasprintf=yes
ac_cv_have_decl_vsnprintf=yes
ac_cv_have_x='have_x=yes	ac_x_includes='\'''\''	ac_x_libraries='\'''\'''
ac_cv_header_arpa_inet_h=yes
ac_cv_header_cursesX_h=no
ac_cv_header_curses_h=no
ac_cv_header_dlfcn_h=yes
ac_cv_header_elf_hp_h=no
ac_cv_header_errno_h=yes
ac_cv_header_fcntl_h=yes
ac_cv_header_inttypes_h=yes
ac_cv_header_libunwind_ia64_h=no
ac_cv_header_linux_elf_h=yes
ac_cv_header_linux_perf_event_h=yes
ac_cv_header_locale_h=yes
ac_cv_header_machine_reg_h=no
ac_cv_header_malloc_h=yes
ac_cv_header_memory_h=yes
ac_cv_header_minix_config_h=no
ac_cv_header_ncurses_h=no
ac_cv_header_ncurses_ncurses_h=no
ac_cv_header_ncurses_term_h=no
ac_cv_header_netdb_h=yes
ac_cv_header_netinet_in_h=yes
ac_cv_header_netinet_tcp_h=yes
ac_cv_header_nlist_h=no
ac_cv_header_poll_h=yes
ac_cv_header_proc_service_h=no
ac_cv_header_pthread_h=yes
ac_cv_header_ptrace_h=no
ac_cv_header_sgtty_h=yes
ac_cv_header_signal_h=yes
ac_cv_header_stdc=yes
ac_cv_header_stdint_h=yes
ac_cv_header_stdlib_h=yes
ac_cv_header_string_h=yes
ac_cv_header_strings_h=yes
ac_cv_header_sys_debugreg_h=yes
ac_cv_header_sys_fault_h=no
ac_cv_header_sys_file_h=yes
ac_cv_header_sys_filio_h=no
ac_cv_header_sys_ioctl_h=yes
ac_cv_header_sys_param_h=yes
ac_cv_header_sys_poll_h=yes
ac_cv_header_sys_proc_h=no
ac_cv_header_sys_procfs_h=yes
ac_cv_header_sys_ptrace_h=yes
ac_cv_header_sys_reg_h=yes
ac_cv_header_sys_resource_h=yes
ac_cv_header_sys_select_h=yes
ac_cv_header_sys_socket_h=yes
ac_cv_header_sys_stat_h=yes
ac_cv_header_sys_syscall_h=yes
ac_cv_header_sys_types_h=yes
ac_cv_header_sys_un_h=yes
ac_cv_header_sys_user_h=yes
ac_cv_header_sys_wait_h=yes
ac_cv_header_term_h=no
ac_cv_header_termio_h=yes
ac_cv_header_termios_h=yes
ac_cv_header_thread_db_h=yes
ac_cv_header_unistd_h=yes
ac_cv_header_vfork_h=no
ac_cv_header_wait_h=yes
ac_cv_header_zlib_h=yes
ac_cv_host=x86_64-unknown-linux-gnu
ac_cv_lib_dl_dlopen=yes
ac_cv_lib_m_main=yes
ac_cv_libbabeltrace=no
ac_cv_libexpat=yes
ac_cv_liblzma=yes
ac_cv_member_struct_reg_r_fs=no
ac_cv_member_struct_reg_r_gs=no
ac_cv_member_struct_stat_st_blksize=yes
ac_cv_member_struct_stat_st_blocks=yes
ac_cv_member_struct_thread_td_pcb=no
ac_cv_member_struct_user_regs_struct_fs_base=yes
ac_cv_member_struct_user_regs_struct_gs_base=yes
ac_cv_objext=o
ac_cv_path_EGREP='/bin/grep -E'
ac_cv_path_GREP=/bin/grep
ac_cv_path_python_prog_path=/usr/bin/python
ac_cv_prog_AR=ar
ac_cv_prog_AWK=mawk
ac_cv_prog_CC=gcc
ac_cv_prog_CPP='gcc -E'
ac_cv_prog_DLLTOOL=dlltool
ac_cv_prog_MAKE=make
ac_cv_prog_RANLIB=ranlib
ac_cv_prog_WINDRES=windres
ac_cv_prog_YACC='/home/larmstrong/gdb_source/gdb-7.7.1/missing bison -y'
ac_cv_prog_cc_c89=
ac_cv_prog_cc_g=yes
ac_cv_prog_make_make_set=yes
ac_cv_safe_to_define___extensions__=yes
ac_cv_search_dlgetmodinfo=no
ac_cv_search_dlopen=-ldl
ac_cv_search_gethostbyname='none required'
ac_cv_search_socketpair='none required'
ac_cv_search_tgetent=-ltermcap
ac_cv_search_waddstr=no
ac_cv_search_zlibVersion=-lz
ac_cv_sizeof_unsigned___int128=16
ac_cv_sizeof_unsigned_long=8
ac_cv_sizeof_unsigned_long_long=8
ac_cv_sys_file_offset_bits=no
ac_cv_sys_largefile_CC=no
ac_cv_target=x86_64-unknown-linux-gnu
ac_cv_type_Elf32_auxv_t=yes
ac_cv_type_Elf64_auxv_t=yes
ac_cv_type_pid_t=yes
ac_cv_type_signal=void
ac_cv_type_socklen_t=yes
ac_cv_var__etext=yes
ac_cv_var_etext=yes
ac_cv_working_alloca_h=yes
acl_cv_hardcode_direct=no
acl_cv_hardcode_libdir_flag_spec='${wl}-rpath ${wl}$libdir'
acl_cv_hardcode_libdir_separator=
acl_cv_hardcode_minus_L=no
acl_cv_libext=a
acl_cv_path_LD=ld
acl_cv_prog_gnu_ld=yes
acl_cv_rpath=done
acl_cv_shlibext=so
acl_cv_wl=-Wl,
am_cv_CC_dependencies_compiler_type=gcc3
am_cv_build_libiconv_path=
am_cv_func_iconv=yes
am_cv_langinfo_codeset=yes
am_cv_lib_iconv=no
am_cv_prog_cc_stdc=
am_cv_proto_iconv='extern size_t iconv (iconv_t cd, char * *inbuf, size_t *inbytesleft, char * *outbuf, size_t *outbytesleft);'
am_cv_proto_iconv_arg1=
am_cv_use_build_libiconv=no
am_cv_val_LC_MESSAGES=yes
bfd_cv_have_sys_procfs_type_elf_fpregset_t=yes
bfd_cv_have_sys_procfs_type_fpregset_t=no
bfd_cv_have_sys_procfs_type_gregset_t=no
bfd_cv_have_sys_procfs_type_lwpid_t=yes
bfd_cv_have_sys_procfs_type_pr_sigaction64_t=no
bfd_cv_have_sys_procfs_type_pr_siginfo64_t=no
bfd_cv_have_sys_procfs_type_pr_sigset_t=no
bfd_cv_have_sys_procfs_type_prfpregset_t=yes
bfd_cv_have_sys_procfs_type_prgregset32_t=no
bfd_cv_have_sys_procfs_type_prgregset_t=yes
bfd_cv_have_sys_procfs_type_prsysent_t=no
bfd_cv_have_sys_procfs_type_psaddr_t=yes
gdb_cv_c_long_double=yes
gdb_cv_c_long_long=yes
gdb_cv_func_ptrace_args=int,int,long,long
gdb_cv_func_ptrace_ret=long
gdb_cv_func_sigsetjmp=yes
gdb_cv_have_gnu_regex=yes
gdb_cv_have_makeinfo_click=no
gdb_cv_have_pt_getdbregs=no
gdb_cv_have_pt_getxmmregs=no
gdb_cv_have_ptrace_getfpxregs=yes
gdb_cv_have_ptrace_getregs=yes
gdb_cv_os_cygwin=no
gdb_cv_prfpregset_t_broken=no
gdb_cv_printf_has_decfloat=no
gdb_cv_printf_has_long_double=yes
gdb_cv_printf_has_long_long=yes
gdb_cv_scanf_has_long_double=yes
gdb_cv_struct_lwp=no
gdb_cv_struct_reg=no
gdb_cv_sys_syscall_h_has_tkill=yes
gdb_cv_thread_db_h_has_td_notalloc=yes
gdb_cv_thread_db_h_has_td_notls=yes
gdb_cv_thread_db_h_has_td_version=yes
gdb_cv_var_elf=yes
gdb_cv_var_macho=no
gdb_cv_var_som=no
gdbsrv_cv_have_personality=true
gdbsrv_cv_have_ptrace_getfpxregs=yes
gdbsrv_cv_have_ptrace_getregs=yes
gdbsrv_cv_have_sync_builtins=yes
gdbsrv_cv_have_td_version=yes
gdbsrv_cv_have_visibility_hidden=yes

## ----------------- ##
## Output variables. ##
## ----------------- ##

ALLOCA=''
AR='ar'
AWK='mawk'
CATALOGS=''
CATOBJEXT='.gmo'
CC='gcc'
CCDEPMODE='depmode=gcc3'
CFLAGS='-g -O2'
CONFIG_ALL=' all-po'
CONFIG_CLEAN=' clean-po'
CONFIG_DEPS=' $(SUBDIR_CLI_DEPS) $(SUBDIR_MI_DEPS) $(SUBDIR_PYTHON_DEPS)'
CONFIG_INSTALL=' install-po install-python'
CONFIG_LDFLAGS=''
CONFIG_OBS=' $(SUBDIR_CLI_OBS) $(SUBDIR_MI_OBS) $(SUBDIR_PYTHON_OBS) elfread.o stap-probe.o posix-hdep.o'
CONFIG_SRCS=' $(SUBDIR_CLI_SRCS) $(SUBDIR_MI_SRCS) $(SUBDIR_PYTHON_SRCS)'
CONFIG_UNINSTALL=' uninstall-po'
CPP='gcc -E'
CPPFLAGS=' '
DATADIRNAME='share'
DEBUGDIR='${exec_prefix}/lib/debug'
DEFS='-DHAVE_CONFIG_H'
DEPDIR='.deps'
DLLTOOL='dlltool'
ECHO_C=''
ECHO_N='-n'
ECHO_T=''
EGREP='/bin/grep -E'
ENABLE_CFLAGS=' $(SUBDIR_CLI_CFLAGS) $(SUBDIR_MI_CFLAGS) $(SUBDIR_PYTHON_CFLAGS)'
EXEEXT=''
GCORE_TRANSFORM_NAME='gcore'
GDBTKLIBS=''
GDBTK_CFLAGS=''
GDBTK_SRC_DIR=''
GDB_DATADIR='${datarootdir}/gdb'
GDB_NM_FILE='config/nm-linux.h'
GDB_TRANSFORM_NAME='gdb'
GENCAT='gencat'
GMAKE_FALSE='#'
GMAKE_TRUE=''
GMSGFMT='/usr/bin/msgfmt'
GNULIB_STDINT_H=''
GREP='/bin/grep'
GUI_CFLAGS_X='-I./../libgui/src'
HAVE_LIBBABELTRACE='no'
HAVE_LIBEXPAT='yes'
HAVE_LIBLZMA='yes'
HAVE_NATIVE_GCORE_TARGET='1'
INCINTL=''
INSTALL_DATA='/usr/bin/install -c -m 644'
INSTALL_PROGRAM='/usr/bin/install -c'
INSTALL_SCRIPT='/usr/bin/install -c'
INSTALL_STRIP_PROGRAM='$(install_sh) -c -s'
INSTOBJEXT='.mo'
JIT_READER_DIR='${exec_prefix}/lib/gdb'
LDFLAGS='-static-libstdc++ -static-libgcc '
LIBBABELTRACE=''
LIBEXPAT='-lexpat'
LIBGUI='../libgui/src/libgui.a'
LIBINTL=''
LIBINTL_DEP=''
LIBLZMA='-llzma'
LIBOBJS=''
LIBS='-ldl -ltermcap -lz -lm   '
LN_S='ln -s'
LTLIBBABELTRACE=''
LTLIBEXPAT='-lexpat'
LTLIBLZMA='-llzma'
LTLIBOBJS=''
MAINT='#'
MAINTAINER_MODE_FALSE=''
MAINTAINER_MODE_TRUE='#'
MAKE='make'
MAKEINFO='/home/larmstrong/gdb_source/gdb-7.7.1/missing makeinfo --split-size=5000000'
MAKEINFOFLAGS=''
MAKEINFO_EXTRA_FLAGS=''
MIG=''
OBJEXT='o'
PACKAGE='gdb'
PACKAGE_BUGREPORT=''
PACKAGE_NAME=''
PACKAGE_STRING=''
PACKAGE_TARNAME=''
PACKAGE_URL=''
PACKAGE_VERSION=''
PATH_SEPARATOR=':'
PKGVERSION='(GDB) '
POSUB='po'
PROFILE_CFLAGS=''
PYTHON_CFLAGS=' -fno-strict-aliasing -DNDEBUG -fwrapv'
PYTHON_CPPFLAGS='-I/usr/include/python2.7 -I/usr/include/python2.7'
PYTHON_LIBS='-lpthread -ldl -lutil -lm -lpython2.7 -Xlinker -export-dynamic -Wl,-O1 -Wl,-Bsymbolic-functions'
RANLIB='ranlib'
RDYNAMIC='-Wl,--dynamic-list=$(srcdir)/proc-service.list'
READLINE='$(READLINE_DIR)/libreadline.a'
READLINE_CFLAGS='-I$(READLINE_SRC)/..'
READLINE_DEPS='$(READLINE)'
READLINE_TEXI_INCFLAG='-I $(READLINE_DIR)'
REPORT_BUGS_TEXI='@uref{http://www.gnu.org/software/gdb/bugs/}'
REPORT_BUGS_TO='<http://www.gnu.org/software/gdb/bugs/>'
SER_HARDWIRE='ser-base.o ser-unix.o ser-pipe.o ser-tcp.o'
SET_MAKE=''
SHELL='/bin/bash'
SIM=''
SIM_OBS=''
STRIP=''
SYSTEM_GDBINIT=''
TARGET_OBS=' amd64-tdep.o amd64-linux-tdep.o i386-tdep.o i387-tdep.o i386-linux-tdep.o glibc-tdep.o solib-svr4.o symfile-mem.o linux-tdep.o linux-record.o'
TARGET_PTR='unsigned long'
TARGET_SYSTEM_ROOT=''
TCL_BIN_DIR=''
TCL_DEPS=''
TCL_INCLUDE=''
TCL_LIBRARY=''
TCL_LIB_FILE=''
TCL_LIB_FLAG=''
TCL_LIB_SPEC=''
TCL_PATCH_LEVEL=''
TCL_SRC_DIR=''
TCL_STUB_LIB_FILE=''
TCL_STUB_LIB_FLAG=''
TCL_STUB_LIB_SPEC=''
TCL_VERSION=''
TK_BIN_DIR=''
TK_DEPS=''
TK_INCLUDE=''
TK_LIBRARY=''
TK_LIB_FILE=''
TK_LIB_FLAG=''
TK_LIB_SPEC=''
TK_SRC_DIR=''
TK_STUB_LIB_FILE=''
TK_STUB_LIB_FLAG=''
TK_STUB_LIB_SPEC=''
TK_VERSION=''
TK_XINCLUDES=''
USE_NLS='yes'
WARN_CFLAGS=' -Wall -Wdeclaration-after-statement -Wpointer-arith -Wpointer-sign -Wno-unused -Wunused-value -Wunused-function -Wno-switch -Wno-char-subscripts -Wmissing-prototypes -Wdeclaration-after-statement -Wempty-body -Wmissing-parameter-type -Wold-style-declaration -Wold-style-definition -Wformat-nonliteral'
WERROR_CFLAGS=''
WIN32LDAPP=''
WIN32LIBS=''
WINDRES='windres'
XGETTEXT='/usr/bin/xgettext'
XMKMF=''
X_CFLAGS=''
X_LDFLAGS=''
X_LIBS=''
YACC='/home/larmstrong/gdb_source/gdb-7.7.1/missing bison -y'
YFLAGS=''
ac_ct_CC=''
am__leading_dot='.'
bindir='${exec_prefix}/bin'
build='x86_64-unknown-linux-gnu'
build_alias='x86_64-unknown-linux-gnu'
build_cpu='x86_64'
build_os='linux-gnu'
build_vendor='unknown'
datadir='${datarootdir}'
datarootdir='${prefix}/share'
docdir='${datarootdir}/doc/${PACKAGE}'
dvidir='${docdir}'
exec_prefix='${prefix}'
frags=' ./config/i386/linux64.mh'
host='x86_64-unknown-linux-gnu'
host_alias='x86_64-unknown-linux-gnu'
host_cpu='x86_64'
host_os='linux-gnu'
host_vendor='unknown'
htmldir='${docdir}'
includedir='${prefix}/include'
infodir='${datarootdir}/info'
install_sh='${SHELL} /home/larmstrong/gdb_source/gdb-7.7.1/install-sh'
libdir='${exec_prefix}/lib'
libexecdir='${exec_prefix}/libexec'
localedir='${datadir}/locale'
localstatedir='${prefix}/var'
mandir='${datarootdir}/man'
oldincludedir='/usr/include'
pdfdir='${docdir}'
prefix='/usr/local'
program_transform_name='s,y,y,'
psdir='${docdir}'
python_prog_path='/usr/bin/python'
sbindir='${exec_prefix}/sbin'
sharedstatedir='${prefix}/com'
subdirs=' testsuite gdbserver'
sysconfdir='${prefix}/etc'
target='x86_64-unknown-linux-gnu'
target_alias='x86_64-unknown-linux-gnu'
target_cpu='x86_64'
target_os='linux-gnu'
target_subdir=''
target_vendor='unknown'

## ------------------- ##
## File substitutions. ##
## ------------------- ##

host_makefile_frag='./config/i386/linux64.mh'

## ----------- ##
## confdefs.h. ##
## ----------- ##

/* confdefs.h */
#define PACKAGE_NAME ""
#define PACKAGE_TARNAME ""
#define PACKAGE_VERSION ""
#define PACKAGE_STRING ""
#define PACKAGE_BUGREPORT ""
#define PACKAGE_URL ""
#define STDC_HEADERS 1
#define HAVE_SYS_TYPES_H 1
#define HAVE_SYS_STAT_H 1
#define HAVE_STDLIB_H 1
#define HAVE_STRING_H 1
#define HAVE_MEMORY_H 1
#define HAVE_STRINGS_H 1
#define HAVE_INTTYPES_H 1
#define HAVE_STDINT_H 1
#define HAVE_UNISTD_H 1
#define __EXTENSIONS__ 1
#define _ALL_SOURCE 1
#define _GNU_SOURCE 1
#define _POSIX_PTHREAD_SEMANTICS 1
#define _TANDEM_SOURCE 1
#define ENABLE_NLS 1
#define PACKAGE "gdb"
#define DEBUGDIR "/usr/local/lib/debug"
#define DEBUGDIR_RELOCATABLE 1
#define BINDIR "/usr/local/bin"
#define GDB_DATADIR "/usr/local/share/gdb"
#define GDB_DATADIR_RELOCATABLE 1
#define AUTO_LOAD_DIR "$debugdir:$datadir/auto-load"
#define AUTO_LOAD_SAFE_PATH "$debugdir:$datadir/auto-load"
#define DEFAULT_BFD_ARCH bfd_i386_arch
#define DEFAULT_BFD_VEC bfd_elf64_x86_64_vec
#define HAVE_MONSTARTUP 1
#define HAVE__MCLEANUP 1
#define HAVE__ETEXT 1
#define HAVE_ETEXT 1
#define PKGVERSION "(GDB) "
#define REPORT_BUGS_TO "<http://www.gnu.org/software/gdb/bugs/>"
#define HAVE_LIBM 1
#define HAVE_ZLIB_H 1
#define HAVE_ICONV 1
#define ICONV_CONST 
#define SIZEOF_UNSIGNED_LONG_LONG 8
#define SIZEOF_UNSIGNED_LONG 8
#define SIZEOF_UNSIGNED___INT128 16
#define JIT_READER_DIR "/usr/local/lib/gdb"
#define JIT_READER_DIR_RELOCATABLE 1
#define HAVE_LIBEXPAT 1
#define HAVE_XML_STOPPARSER 1
#define HAVE_LIBPYTHON2_7 1
#define WITH_PYTHON_PATH "/usr"
#define PYTHON_PATH_RELOCATABLE 0
#define HAVE_PYTHON 1
#define STDC_HEADERS 1
#define HAVE_POLL_H 1
#define HAVE_SYS_POLL_H 1
#define HAVE_THREAD_DB_H 1
#define HAVE_SYS_FILE_H 1
#define HAVE_SYS_IOCTL_H 1
#define HAVE_SYS_PARAM_H 1
#define HAVE_SYS_RESOURCE_H 1
#define HAVE_SYS_PROCFS_H 1
#define HAVE_SYS_PTRACE_H 1
#define HAVE_SYS_REG_H 1
#define HAVE_SYS_DEBUGREG_H 1
#define HAVE_SYS_SELECT_H 1
#define HAVE_SYS_SYSCALL_H 1
#define HAVE_TERMIOS_H 1
#define HAVE_TERMIO_H 1
#define HAVE_SGTTY_H 1
#define HAVE_DLFCN_H 1
#define HAVE_SYS_USER_H 1
#define HAVE_DECL_FREE 1
#define HAVE_DECL_MALLOC 1
#define HAVE_DECL_REALLOC 1
#define HAVE_DECL_SNPRINTF 1
#define HAVE_LC_MESSAGES 1
#define HAVE_STRUCT_STAT_ST_BLOCKS 1
#define HAVE_STRUCT_STAT_ST_BLKSIZE 1
#define RETSIGTYPE void
#define HAVE_SOCKLEN_T 1
#define HAVE_ALLOCA_H 1
#define HAVE_ALLOCA 1
#define HAVE_STDLIB_H 1
#define HAVE_UNISTD_H 1
#define HAVE_GETPAGESIZE 1
#define HAVE_MMAP 1
#define HAVE_FORK 1
#define HAVE_VFORK 1
#define HAVE_WORKING_VFORK 1
#define HAVE_WORKING_FORK 1
#define HAVE_CANONICALIZE_FILE_NAME 1
#define HAVE_REALPATH 1
#define HAVE_GETRUSAGE 1
#define HAVE_GETUID 1
#define HAVE_GETGID 1
#define HAVE_PIPE 1
#define HAVE_POLL 1
#define HAVE_PREAD 1
#define HAVE_PREAD64 1
#define HAVE_PWRITE 1
#define HAVE_READLINK 1
#define HAVE_SBRK 1
#define HAVE_SETPGID 1
#define HAVE_SETPGRP 1
#define HAVE_SETSID 1
#define HAVE_SIGACTION 1
#define HAVE_SIGPROCMASK 1
#define HAVE_SIGSETMASK 1
#define HAVE_SOCKETPAIR 1
#define HAVE_SETLOCALE 1
#define HAVE_BTOWC 1
#define HAVE_SETRLIMIT 1
#define HAVE_GETRLIMIT 1
#define HAVE_POSIX_MADVISE 1
#define HAVE_WAITPID 1
#define HAVE_LSTAT 1
#define HAVE_LANGINFO_CODESET 1
#define STDC_HEADERS 1
#define HAVE_ALLOCA_H 1
#define HAVE_ALLOCA 1
#define HAVE_LANGINFO_CODESET 1
#define HAVE_LINUX_PERF_EVENT_H 1
#define HAVE_LOCALE_H 1
#define HAVE_MEMORY_H 1
#define HAVE_SIGNAL_H 1
#define HAVE_SYS_RESOURCE_H 1
#define HAVE_SYS_SOCKET_H 1
#define HAVE_SYS_SYSCALL_H 1
#define HAVE_SYS_UN_H 1
#define HAVE_SYS_WAIT_H 1
#define HAVE_THREAD_DB_H 1
#define HAVE_WAIT_H 1
#define HAVE_GETRLIMIT 1
#define HAVE_PIPE 1
#define HAVE_PIPE2 1
#define HAVE_SOCKETPAIR 1
#define HAVE_DECL_STRERROR 1
#define HAVE_DECL_STRSTR 1
#define HAVE_DECL_PTRACE 1
#define PTRACE_TYPE_RET long
#define PTRACE_TYPE_ARG3 long
#define PTRACE_TYPE_ARG4 long
#define SETPGRP_VOID 1
#define HAVE_SIGSETJMP 1
#define HAVE_STRUCT_USER_REGS_STRUCT_FS_BASE 1
#define HAVE_STRUCT_USER_REGS_STRUCT_GS_BASE 1
#define HAVE_PTRACE_GETREGS 1
#define HAVE_PTRACE_GETFPXREGS 1
#define HAVE_PRGREGSET_T 1
#define HAVE_PRFPREGSET_T 1
#define HAVE_LWPID_T 1
#define HAVE_PSADDR_T 1
#define PRINTF_HAS_LONG_LONG 1
#define HAVE_LONG_DOUBLE 1
#define PRINTF_HAS_LONG_DOUBLE 1
#define SCANF_HAS_LONG_DOUBLE 1
#define THREAD_DB_HAS_TD_NOTALLOC 1
#define THREAD_DB_HAS_TD_VERSION 1
#define THREAD_DB_HAS_TD_NOTLS 1
#define HAVE_TKILL_SYSCALL 1
#define HAVE_DECL_ADDR_NO_RANDOMIZE 1
#define HAVE_PERSONALITY 1
#define GDBINIT ".gdbinit"
#define TARGET_SYSTEM_ROOT ""
#define TARGET_SYSTEM_ROOT_RELOCATABLE 0
#define SYSTEM_GDBINIT ""
#define SYSTEM_GDBINIT_RELOCATABLE 0
#define HAVE_ELF 1
#define HAVE_LIBLZMA 1
#define GDB_HOST_FLOAT_FORMAT 0
#define GDB_HOST_DOUBLE_FORMAT 0
#define GDB_HOST_LONG_DOUBLE_FORMAT 0
#define GDB_OSABI_DEFAULT GDB_OSABI_LINUX
#define GDB_NM_FILE "config/nm-linux.h"
#define GDB_DEFAULT_HOST_CHARSET "UTF-8"

configure: exit 0

## ---------------------- ##
## Running config.status. ##
## ---------------------- ##

This file was extended by config.status, which was
generated by GNU Autoconf 2.64.  Invocation command line was

  CONFIG_FILES    = 
  CONFIG_HEADERS  = config.h:config.in
  CONFIG_LINKS    = 
  CONFIG_COMMANDS = default depdir
  $ config.status 

on lha-vm

config.status:1151: creating config.h
config.status:1322: config.h is unchanged
config.status:1367: executing default commands
config.status:1367: executing depdir commands
