This file contains any messages produced by compilers while
running configure, to aid debugging if configure makes a mistake.

It was created by bfd configure 2.24.51, which was
generated by GNU Autoconf 2.64.  Invocation command line was

  $ /home/larmstrong/gdb_source/gdb-7.7.1/bfd/configure --cache-file=./config.cache --with-system-zlib --program-transform-name=s,y,y, --disable-option-checking --build=x86_64-unknown-linux-gnu --host=x86_64-unknown-linux-gnu --target=x86_64-unknown-linux-gnu --srcdir=.././bfd

## --------- ##
## Platform. ##
## --------- ##

hostname = lha-vm
uname -m = x86_64
uname -r = 3.13.0-27-generic
uname -s = Linux
uname -v = #50-Ubuntu SMP Thu May 15 18:06:16 UTC 2014

/usr/bin/uname -p = unknown
/bin/uname -X     = unknown

/bin/arch              = unknown
/usr/bin/arch -k       = unknown
/usr/convex/getsysinfo = unknown
/usr/bin/hostinfo      = unknown
/bin/machine           = unknown
/usr/bin/oslevel       = unknown
/bin/universe          = unknown

PATH: /home/larmstrong/catkin_ws_boeing/devel/bin
PATH: /opt/ros/indigo/bin
PATH: /usr/local/sbin
PATH: /usr/local/bin
PATH: /usr/sbin
PATH: /usr/bin
PATH: /sbin
PATH: /bin
PATH: /usr/games
PATH: /usr/local/games


## ----------- ##
## Core tests. ##
## ----------- ##

configure:2452: loading cache ./config.cache
configure:2565: checking build system type
configure:2579: result: x86_64-unknown-linux-gnu
configure:2599: checking host system type
configure:2612: result: x86_64-unknown-linux-gnu
configure:2632: checking target system type
configure:2645: result: x86_64-unknown-linux-gnu
configure:2679: checking for x86_64-unknown-linux-gnu-gcc
configure:2706: result: gcc
configure:2975: checking for C compiler version
configure:2984: gcc --version >&5
gcc (Ubuntu 4.8.2-19ubuntu1) 4.8.2
Copyright (C) 2013 Free Software Foundation, Inc.
This is free software; see the source for copying conditions.  There is NO
warranty; not even for MERCHANTABILITY or FITNESS FOR A PARTICULAR PURPOSE.

configure:2995: $? = 0
configure:2984: gcc -v >&5
Using built-in specs.
COLLECT_GCC=gcc
COLLECT_LTO_WRAPPER=/usr/lib/gcc/x86_64-linux-gnu/4.8/lto-wrapper
Target: x86_64-linux-gnu
Configured with: ../src/configure -v --with-pkgversion='Ubuntu 4.8.2-19ubuntu1' --with-bugurl=file:///usr/share/doc/gcc-4.8/README.Bugs --enable-languages=c,c++,java,go,d,fortran,objc,obj-c++ --prefix=/usr --program-suffix=-4.8 --enable-shared --enable-linker-build-id --libexecdir=/usr/lib --without-included-gettext --enable-threads=posix --with-gxx-include-dir=/usr/include/c++/4.8 --libdir=/usr/lib --enable-nls --with-sysroot=/ --enable-clocale=gnu --enable-libstdcxx-debug --enable-libstdcxx-time=yes --enable-gnu-unique-object --disable-libmudflap --enable-plugin --with-system-zlib --disable-browser-plugin --enable-java-awt=gtk --enable-gtk-cairo --with-java-home=/usr/lib/jvm/java-1.5.0-gcj-4.8-amd64/jre --enable-java-home --with-jvm-root-dir=/usr/lib/jvm/java-1.5.0-gcj-4.8-amd64 --with-jvm-jar-dir=/usr/lib/jvm-exports/java-1.5.0-gcj-4.8-amd64 --with-arch-directory=amd64 --with-ecj-jar=/usr/share/java/eclipse-ecj.jar --enable-objc-gc --enable-multiarch --disable-werror --with-arch-32=i686 --with-abi=m64 --with-multilib-list=m32,m64,mx32 --with-tune=generic --enable-checking=release --build=x86_64-linux-gnu --host=x86_64-linux-gnu --target=x86_64-linux-gnu
Thread model: posix
gcc version 4.8.2 (Ubuntu 4.8.2-19ubuntu1) 
configure:2995: $? = 0
configure:2984: gcc -V >&5
gcc: error: unrecognized command line option '-V'
gcc: fatal error: no input files
compilation terminated.
configure:2995: $? = 4
configure:2984: gcc -qversion >&5
gcc: error: unrecognized command line option '-qversion'
gcc: fatal error: no input files
compilation terminated.
configure:2995: $? = 4
configure:3015: checking for C compiler default output file name
configure:3037: gcc -g -O2  -static-libstdc++ -static-libgcc  conftest.c  >&5
configure:3041: $? = 0
configure:3078: result: a.out
configure:3094: checking whether the C compiler works
configure:3103: ./a.out
configure:3107: $? = 0
configure:3122: result: yes
configure:3129: checking whether we are cross compiling
configure:3131: result: no
configure:3134: checking for suffix of executables
configure:3141: gcc -o conftest -g -O2  -static-libstdc++ -static-libgcc  conftest.c  >&5
configure:3145: $? = 0
configure:3167: result: 
configure:3173: checking for suffix of object files
configure:3220: result: o
configure:3224: checking whether we are using the GNU C compiler
configure:3252: result: yes
configure:3261: checking whether gcc accepts -g
configure:3322: result: yes
configure:3339: checking for gcc option to accept ISO C89
configure:3416: result: none needed
configure:3437: checking for library containing strerror
configure:3485: result: none required
configure:3510: checking for a BSD-compatible install
configure:3578: result: /usr/bin/install -c
configure:3589: checking whether build environment is sane
configure:3639: result: yes
configure:3780: checking for a thread-safe mkdir -p
configure:3819: result: /bin/mkdir -p
configure:3832: checking for gawk
configure:3859: result: mawk
configure:3870: checking whether make sets $(MAKE)
configure:3892: result: yes
configure:3922: checking for style of include used by make
configure:3950: result: GNU
configure:4035: checking dependency style of gcc
configure:4145: result: gcc3
configure:4165: checking for x86_64-unknown-linux-gnu-ar
configure:4192: result: ar
configure:4257: checking for x86_64-unknown-linux-gnu-ranlib
configure:4284: result: ranlib
configure:4387: checking for x86_64-unknown-linux-gnu-gcc
configure:4414: result: gcc
configure:4683: checking for C compiler version
configure:4692: gcc --version >&5
gcc (Ubuntu 4.8.2-19ubuntu1) 4.8.2
Copyright (C) 2013 Free Software Foundation, Inc.
This is free software; see the source for copying conditions.  There is NO
warranty; not even for MERCHANTABILITY or FITNESS FOR A PARTICULAR PURPOSE.

configure:4703: $? = 0
configure:4692: gcc -v >&5
Using built-in specs.
COLLECT_GCC=gcc
COLLECT_LTO_WRAPPER=/usr/lib/gcc/x86_64-linux-gnu/4.8/lto-wrapper
Target: x86_64-linux-gnu
Configured with: ../src/configure -v --with-pkgversion='Ubuntu 4.8.2-19ubuntu1' --with-bugurl=file:///usr/share/doc/gcc-4.8/README.Bugs --enable-languages=c,c++,java,go,d,fortran,objc,obj-c++ --prefix=/usr --program-suffix=-4.8 --enable-shared --enable-linker-build-id --libexecdir=/usr/lib --without-included-gettext --enable-threads=posix --with-gxx-include-dir=/usr/include/c++/4.8 --libdir=/usr/lib --enable-nls --with-sysroot=/ --enable-clocale=gnu --enable-libstdcxx-debug --enable-libstdcxx-time=yes --enable-gnu-unique-object --disable-libmudflap --enable-plugin --with-system-zlib --disable-browser-plugin --enable-java-awt=gtk --enable-gtk-cairo --with-java-home=/usr/lib/jvm/java-1.5.0-gcj-4.8-amd64/jre --enable-java-home --with-jvm-root-dir=/usr/lib/jvm/java-1.5.0-gcj-4.8-amd64 --with-jvm-jar-dir=/usr/lib/jvm-exports/java-1.5.0-gcj-4.8-amd64 --with-arch-directory=amd64 --with-ecj-jar=/usr/share/java/eclipse-ecj.jar --enable-objc-gc --enable-multiarch --disable-werror --with-arch-32=i686 --with-abi=m64 --with-multilib-list=m32,m64,mx32 --with-tune=generic --enable-checking=release --build=x86_64-linux-gnu --host=x86_64-linux-gnu --target=x86_64-linux-gnu
Thread model: posix
gcc version 4.8.2 (Ubuntu 4.8.2-19ubuntu1) 
configure:4703: $? = 0
configure:4692: gcc -V >&5
gcc: error: unrecognized command line option '-V'
gcc: fatal error: no input files
compilation terminated.
configure:4703: $? = 4
configure:4692: gcc -qversion >&5
gcc: error: unrecognized command line option '-qversion'
gcc: fatal error: no input files
compilation terminated.
configure:4703: $? = 4
configure:4707: checking whether we are using the GNU C compiler
configure:4735: result: yes
configure:4744: checking whether gcc accepts -g
configure:4805: result: yes
configure:4822: checking for gcc option to accept ISO C89
configure:4899: result: none needed
configure:4924: checking how to run the C preprocessor
configure:4994: result: gcc -E
configure:5014: gcc -E  conftest.c
configure:5014: $? = 0
configure:5028: gcc -E  conftest.c
conftest.c:11:28: fatal error: ac_nonexistent.h: No such file or directory
 #include <ac_nonexistent.h>
                            ^
compilation terminated.
configure:5028: $? = 1
configure: failed program was:
| /* confdefs.h */
| #define PACKAGE_NAME "bfd"
| #define PACKAGE_TARNAME "bfd"
| #define PACKAGE_VERSION "2.24.51"
| #define PACKAGE_STRING "bfd 2.24.51"
| #define PACKAGE_BUGREPORT ""
| #define PACKAGE_URL ""
| #define PACKAGE "bfd"
| #define VERSION "2.24.51"
| /* end confdefs.h.  */
| #include <ac_nonexistent.h>
configure:5057: checking for grep that handles long lines and -e
configure:5115: result: /bin/grep
configure:5120: checking for egrep
configure:5182: result: /bin/grep -E
configure:5187: checking for ANSI C header files
configure:5291: result: yes
configure:5304: checking for sys/types.h
configure:5304: result: yes
configure:5304: checking for sys/stat.h
configure:5304: result: yes
configure:5304: checking for stdlib.h
configure:5304: result: yes
configure:5304: checking for string.h
configure:5304: result: yes
configure:5304: checking for memory.h
configure:5304: result: yes
configure:5304: checking for strings.h
configure:5304: result: yes
configure:5304: checking for inttypes.h
configure:5304: result: yes
configure:5304: checking for stdint.h
configure:5304: result: yes
configure:5304: checking for unistd.h
configure:5304: result: yes
configure:5318: checking for minix/config.h
configure:5318: result: no
configure:5339: checking whether it is safe to define __EXTENSIONS__
configure:5364: result: yes
configure:5427: checking how to print strings
configure:5454: result: printf
configure:5475: checking for a sed that does not truncate output
configure:5539: result: /bin/sed
configure:5557: checking for fgrep
configure:5619: result: /bin/grep -F
configure:5654: checking for ld used by gcc
configure:5721: result: ld
configure:5728: checking if the linker (ld) is GNU ld
configure:5743: result: yes
configure:5755: checking for BSD- or MS-compatible name lister (nm)
configure:5804: result: nm
configure:5934: checking the name lister (nm) interface
configure:5954: result: BSD nm
configure:5957: checking whether ln -s works
configure:5961: result: yes
configure:5969: checking the maximum length of command line arguments
configure:6094: result: 3458764513820540925
configure:6111: checking whether the shell understands some XSI constructs
configure:6121: result: yes
configure:6125: checking whether the shell understands "+="
configure:6131: result: yes
configure:6166: checking for ld option to reload object files
configure:6173: result: -r
configure:6202: checking for x86_64-unknown-linux-gnu-objdump
configure:6229: result: objdump
configure:6301: checking how to recognize dependent libraries
configure:6502: result: pass_all
configure:6522: checking for x86_64-unknown-linux-gnu-ar
configure:6549: result: ar
configure:6627: checking for x86_64-unknown-linux-gnu-strip
configure:6657: result: no
configure:6667: checking for strip
configure:6694: result: strip
configure:6726: checking for x86_64-unknown-linux-gnu-ranlib
configure:6753: result: ranlib
configure:6895: checking command to parse nm output from gcc object
configure:7118: result: ok
configure:7213: gcc -c -g -O2  conftest.c >&5
configure:7216: $? = 0
configure:7966: checking for dlfcn.h
configure:7966: result: yes
configure:8122: checking for objdir
configure:8137: result: .libs
configure:8408: checking if gcc supports -fno-rtti -fno-exceptions
configure:8443: result: no
configure:8463: checking for gcc option to produce PIC
configure:8749: result: -fPIC -DPIC
configure:8761: checking if gcc PIC flag -fPIC -DPIC works
configure:8796: result: yes
configure:8820: checking if gcc static flag -static works
configure:8848: result: yes
configure:8863: checking if gcc supports -c -o file.o
configure:8910: result: yes
configure:8918: checking if gcc supports -c -o file.o
configure:8965: result: yes
configure:8998: checking whether the gcc linker (ld -m elf_x86_64) supports shared libraries
configure:10069: result: yes
configure:10314: checking dynamic linker characteristics
configure:10987: result: GNU/Linux ld.so
configure:11094: checking how to hardcode library paths into programs
configure:11119: result: immediate
configure:11213: checking for shl_load
configure:11213: result: no
configure:11217: checking for shl_load in -ldld
configure:11251: result: no
configure:11256: checking for dlopen
configure:11256: result: no
configure:11260: checking for dlopen in -ldl
configure:11294: result: yes
configure:11413: checking whether a program can dlopen itself
configure:11514: result: yes
configure:11519: checking whether a statically linked program can dlopen itself
configure:11620: result: no
configure:11659: checking whether stripping libraries is possible
configure:11664: result: yes
configure:11699: checking if libtool supports shared libraries
configure:11701: result: yes
configure:11704: checking whether to build shared libraries
configure:11725: result: no
configure:11728: checking whether to build static libraries
configure:11732: result: yes
configure:11812: checking for special C compiler options needed for large files
configure:11857: result: no
configure:11863: checking for _FILE_OFFSET_BITS value needed for large files
configure:11920: result: no
configure:12245: checking whether to enable maintainer-specific portions of Makefiles
configure:12254: result: no
configure:12290: checking whether to install libbfd
configure:12303: result: yes
configure:12353: checking whether NLS is requested
configure:12359: result: yes
configure:12365: checking for catalogs to be installed
configure:12397: result:  da es fi fr id ja ro ru rw sv tr uk vi zh_CN da es fi fr id ja ro ru rw sv tr uk vi zh_CN
configure:12424: checking whether NLS is requested
configure:12433: result: yes
configure:12471: checking for msgfmt
configure:12502: result: /usr/bin/msgfmt
configure:12511: checking for gmsgfmt
configure:12542: result: /usr/bin/msgfmt
configure:12582: checking for xgettext
configure:12613: result: /usr/bin/xgettext
configure:12653: checking for msgmerge
configure:12683: result: /usr/bin/msgmerge
configure:12736: checking size of long long
configure:12756: result: 8
configure:12770: checking size of void *
configure:12790: result: 8
configure:12804: checking size of long
configure:12824: result: 8
configure:12906: checking for alloca.h
configure:12906: result: yes
configure:12906: checking for stddef.h
configure:12906: result: yes
configure:12906: checking for string.h
configure:12906: result: yes
configure:12906: checking for strings.h
configure:12906: result: yes
configure:12906: checking for stdlib.h
configure:12906: result: yes
configure:12906: checking for time.h
configure:12906: result: yes
configure:12906: checking for unistd.h
configure:12906: result: yes
configure:12906: checking for wchar.h
configure:12906: result: yes
configure:12920: checking for fcntl.h
configure:12920: result: yes
configure:12920: checking for sys/file.h
configure:12920: result: yes
configure:12920: checking for sys/time.h
configure:12920: result: yes
configure:12920: checking for sys/stat.h
configure:12920: result: yes
configure:12920: checking for sys/resource.h
configure:12920: result: yes
configure:12944: checking for uintmax_t
configure:12944: gcc -c -g -O2  conftest.c >&5
configure:12944: $? = 0
configure:12944: gcc -c -g -O2  conftest.c >&5
conftest.c: In function 'main':
conftest.c:51:24: error: expected expression before ')' token
 if (sizeof ((uintmax_t)))
                        ^
configure:12944: $? = 1
configure: failed program was:
| /* confdefs.h */
| #define PACKAGE_NAME "bfd"
| #define PACKAGE_TARNAME "bfd"
| #define PACKAGE_VERSION "2.24.51"
| #define PACKAGE_STRING "bfd 2.24.51"
| #define PACKAGE_BUGREPORT ""
| #define PACKAGE_URL ""
| #define PACKAGE "bfd"
| #define VERSION "2.24.51"
| #define STDC_HEADERS 1
| #define HAVE_SYS_TYPES_H 1
| #define HAVE_SYS_STAT_H 1
| #define HAVE_STDLIB_H 1
| #define HAVE_STRING_H 1
| #define HAVE_MEMORY_H 1
| #define HAVE_STRINGS_H 1
| #define HAVE_INTTYPES_H 1
| #define HAVE_STDINT_H 1
| #define HAVE_UNISTD_H 1
| #define __EXTENSIONS__ 1
| #define _ALL_SOURCE 1
| #define _GNU_SOURCE 1
| #define _POSIX_PTHREAD_SEMANTICS 1
| #define _TANDEM_SOURCE 1
| #define HAVE_DLFCN_H 1
| #define LT_OBJDIR ".libs/"
| #define ENABLE_NLS 1
| #define SIZEOF_LONG_LONG 8
| #define SIZEOF_VOID_P 8
| #define SIZEOF_LONG 8
| #define HAVE_ALLOCA_H 1
| #define HAVE_STDDEF_H 1
| #define HAVE_STRING_H 1
| #define HAVE_STRINGS_H 1
| #define HAVE_STDLIB_H 1
| #define HAVE_TIME_H 1
| #define HAVE_UNISTD_H 1
| #define HAVE_WCHAR_H 1
| #define HAVE_FCNTL_H 1
| #define HAVE_SYS_FILE_H 1
| #define HAVE_SYS_TIME_H 1
| #define HAVE_SYS_STAT_H 1
| #define HAVE_SYS_RESOURCE_H 1
| /* end confdefs.h.  */
| #include <sys/types.h>
| #include <stdint.h>
| 
| int
| main ()
| {
| if (sizeof ((uintmax_t)))
| 	    return 0;
|   ;
|   return 0;
| }
configure:12944: result: yes
configure:12953: checking for uintptr_t
configure:12953: gcc -c -g -O2  conftest.c >&5
configure:12953: $? = 0
configure:12953: gcc -c -g -O2  conftest.c >&5
conftest.c: In function 'main':
conftest.c:51:24: error: expected expression before ')' token
 if (sizeof ((uintptr_t)))
                        ^
configure:12953: $? = 1
configure: failed program was:
| /* confdefs.h */
| #define PACKAGE_NAME "bfd"
| #define PACKAGE_TARNAME "bfd"
| #define PACKAGE_VERSION "2.24.51"
| #define PACKAGE_STRING "bfd 2.24.51"
| #define PACKAGE_BUGREPORT ""
| #define PACKAGE_URL ""
| #define PACKAGE "bfd"
| #define VERSION "2.24.51"
| #define STDC_HEADERS 1
| #define HAVE_SYS_TYPES_H 1
| #define HAVE_SYS_STAT_H 1
| #define HAVE_STDLIB_H 1
| #define HAVE_STRING_H 1
| #define HAVE_MEMORY_H 1
| #define HAVE_STRINGS_H 1
| #define HAVE_INTTYPES_H 1
| #define HAVE_STDINT_H 1
| #define HAVE_UNISTD_H 1
| #define __EXTENSIONS__ 1
| #define _ALL_SOURCE 1
| #define _GNU_SOURCE 1
| #define _POSIX_PTHREAD_SEMANTICS 1
| #define _TANDEM_SOURCE 1
| #define HAVE_DLFCN_H 1
| #define LT_OBJDIR ".libs/"
| #define ENABLE_NLS 1
| #define SIZEOF_LONG_LONG 8
| #define SIZEOF_VOID_P 8
| #define SIZEOF_LONG 8
| #define HAVE_ALLOCA_H 1
| #define HAVE_STDDEF_H 1
| #define HAVE_STRING_H 1
| #define HAVE_STRINGS_H 1
| #define HAVE_STDLIB_H 1
| #define HAVE_TIME_H 1
| #define HAVE_UNISTD_H 1
| #define HAVE_WCHAR_H 1
| #define HAVE_FCNTL_H 1
| #define HAVE_SYS_FILE_H 1
| #define HAVE_SYS_TIME_H 1
| #define HAVE_SYS_STAT_H 1
| #define HAVE_SYS_RESOURCE_H 1
| /* end confdefs.h.  */
| #include <sys/types.h>
| #include <stdint.h>
| 
| int
| main ()
| {
| if (sizeof ((uintptr_t)))
| 	    return 0;
|   ;
|   return 0;
| }
configure:12953: result: yes
configure:12962: checking for int_least32_t
configure:12962: gcc -c -g -O2  conftest.c >&5
configure:12962: $? = 0
configure:12962: gcc -c -g -O2  conftest.c >&5
conftest.c: In function 'main':
conftest.c:51:28: error: expected expression before ')' token
 if (sizeof ((int_least32_t)))
                            ^
configure:12962: $? = 1
configure: failed program was:
| /* confdefs.h */
| #define PACKAGE_NAME "bfd"
| #define PACKAGE_TARNAME "bfd"
| #define PACKAGE_VERSION "2.24.51"
| #define PACKAGE_STRING "bfd 2.24.51"
| #define PACKAGE_BUGREPORT ""
| #define PACKAGE_URL ""
| #define PACKAGE "bfd"
| #define VERSION "2.24.51"
| #define STDC_HEADERS 1
| #define HAVE_SYS_TYPES_H 1
| #define HAVE_SYS_STAT_H 1
| #define HAVE_STDLIB_H 1
| #define HAVE_STRING_H 1
| #define HAVE_MEMORY_H 1
| #define HAVE_STRINGS_H 1
| #define HAVE_INTTYPES_H 1
| #define HAVE_STDINT_H 1
| #define HAVE_UNISTD_H 1
| #define __EXTENSIONS__ 1
| #define _ALL_SOURCE 1
| #define _GNU_SOURCE 1
| #define _POSIX_PTHREAD_SEMANTICS 1
| #define _TANDEM_SOURCE 1
| #define HAVE_DLFCN_H 1
| #define LT_OBJDIR ".libs/"
| #define ENABLE_NLS 1
| #define SIZEOF_LONG_LONG 8
| #define SIZEOF_VOID_P 8
| #define SIZEOF_LONG 8
| #define HAVE_ALLOCA_H 1
| #define HAVE_STDDEF_H 1
| #define HAVE_STRING_H 1
| #define HAVE_STRINGS_H 1
| #define HAVE_STDLIB_H 1
| #define HAVE_TIME_H 1
| #define HAVE_UNISTD_H 1
| #define HAVE_WCHAR_H 1
| #define HAVE_FCNTL_H 1
| #define HAVE_SYS_FILE_H 1
| #define HAVE_SYS_TIME_H 1
| #define HAVE_SYS_STAT_H 1
| #define HAVE_SYS_RESOURCE_H 1
| /* end confdefs.h.  */
| #include <sys/types.h>
| #include <stdint.h>
| 
| int
| main ()
| {
| if (sizeof ((int_least32_t)))
| 	    return 0;
|   ;
|   return 0;
| }
configure:12962: result: yes
configure:12971: checking for int_fast32_t
configure:12971: gcc -c -g -O2  conftest.c >&5
configure:12971: $? = 0
configure:12971: gcc -c -g -O2  conftest.c >&5
conftest.c: In function 'main':
conftest.c:51:27: error: expected expression before ')' token
 if (sizeof ((int_fast32_t)))
                           ^
configure:12971: $? = 1
configure: failed program was:
| /* confdefs.h */
| #define PACKAGE_NAME "bfd"
| #define PACKAGE_TARNAME "bfd"
| #define PACKAGE_VERSION "2.24.51"
| #define PACKAGE_STRING "bfd 2.24.51"
| #define PACKAGE_BUGREPORT ""
| #define PACKAGE_URL ""
| #define PACKAGE "bfd"
| #define VERSION "2.24.51"
| #define STDC_HEADERS 1
| #define HAVE_SYS_TYPES_H 1
| #define HAVE_SYS_STAT_H 1
| #define HAVE_STDLIB_H 1
| #define HAVE_STRING_H 1
| #define HAVE_MEMORY_H 1
| #define HAVE_STRINGS_H 1
| #define HAVE_INTTYPES_H 1
| #define HAVE_STDINT_H 1
| #define HAVE_UNISTD_H 1
| #define __EXTENSIONS__ 1
| #define _ALL_SOURCE 1
| #define _GNU_SOURCE 1
| #define _POSIX_PTHREAD_SEMANTICS 1
| #define _TANDEM_SOURCE 1
| #define HAVE_DLFCN_H 1
| #define LT_OBJDIR ".libs/"
| #define ENABLE_NLS 1
| #define SIZEOF_LONG_LONG 8
| #define SIZEOF_VOID_P 8
| #define SIZEOF_LONG 8
| #define HAVE_ALLOCA_H 1
| #define HAVE_STDDEF_H 1
| #define HAVE_STRING_H 1
| #define HAVE_STRINGS_H 1
| #define HAVE_STDLIB_H 1
| #define HAVE_TIME_H 1
| #define HAVE_UNISTD_H 1
| #define HAVE_WCHAR_H 1
| #define HAVE_FCNTL_H 1
| #define HAVE_SYS_FILE_H 1
| #define HAVE_SYS_TIME_H 1
| #define HAVE_SYS_STAT_H 1
| #define HAVE_SYS_RESOURCE_H 1
| /* end confdefs.h.  */
| #include <sys/types.h>
| #include <stdint.h>
| 
| int
| main ()
| {
| if (sizeof ((int_fast32_t)))
| 	    return 0;
|   ;
|   return 0;
| }
configure:12971: result: yes
configure:12980: checking for uint64_t
configure:12980: gcc -c -g -O2  conftest.c >&5
configure:12980: $? = 0
configure:12980: gcc -c -g -O2  conftest.c >&5
conftest.c: In function 'main':
conftest.c:51:23: error: expected expression before ')' token
 if (sizeof ((uint64_t)))
                       ^
configure:12980: $? = 1
configure: failed program was:
| /* confdefs.h */
| #define PACKAGE_NAME "bfd"
| #define PACKAGE_TARNAME "bfd"
| #define PACKAGE_VERSION "2.24.51"
| #define PACKAGE_STRING "bfd 2.24.51"
| #define PACKAGE_BUGREPORT ""
| #define PACKAGE_URL ""
| #define PACKAGE "bfd"
| #define VERSION "2.24.51"
| #define STDC_HEADERS 1
| #define HAVE_SYS_TYPES_H 1
| #define HAVE_SYS_STAT_H 1
| #define HAVE_STDLIB_H 1
| #define HAVE_STRING_H 1
| #define HAVE_MEMORY_H 1
| #define HAVE_STRINGS_H 1
| #define HAVE_INTTYPES_H 1
| #define HAVE_STDINT_H 1
| #define HAVE_UNISTD_H 1
| #define __EXTENSIONS__ 1
| #define _ALL_SOURCE 1
| #define _GNU_SOURCE 1
| #define _POSIX_PTHREAD_SEMANTICS 1
| #define _TANDEM_SOURCE 1
| #define HAVE_DLFCN_H 1
| #define LT_OBJDIR ".libs/"
| #define ENABLE_NLS 1
| #define SIZEOF_LONG_LONG 8
| #define SIZEOF_VOID_P 8
| #define SIZEOF_LONG 8
| #define HAVE_ALLOCA_H 1
| #define HAVE_STDDEF_H 1
| #define HAVE_STRING_H 1
| #define HAVE_STRINGS_H 1
| #define HAVE_STDLIB_H 1
| #define HAVE_TIME_H 1
| #define HAVE_UNISTD_H 1
| #define HAVE_WCHAR_H 1
| #define HAVE_FCNTL_H 1
| #define HAVE_SYS_FILE_H 1
| #define HAVE_SYS_TIME_H 1
| #define HAVE_SYS_STAT_H 1
| #define HAVE_SYS_RESOURCE_H 1
| /* end confdefs.h.  */
| #include <sys/types.h>
| #include <stdint.h>
| 
| int
| main ()
| {
| if (sizeof ((uint64_t)))
| 	    return 0;
|   ;
|   return 0;
| }
configure:12980: result: yes
configure:13061: checking what to include in bfd_stdint.h
configure:13089: result: stdint.h (already complete)
configure:13337: checking whether time.h and sys/time.h may both be included
configure:13364: result: yes
configure:13375: checking for dirent.h that defines DIR
configure:13402: result: yes
configure:13416: checking for library containing opendir
configure:13464: result: none required
configure:13535: checking for windows.h
configure:13535: result: no
configure:13535: checking for dlfcn.h
configure:13535: result: yes
configure:13547: checking whether string.h and strings.h may both be included
configure:13571: result: yes
configure:13582: checking for fcntl
configure:13582: result: yes
configure:13582: checking for getpagesize
configure:13582: result: yes
configure:13582: checking for setitimer
configure:13582: result: yes
configure:13582: checking for sysconf
configure:13582: result: yes
configure:13582: checking for fdopen
configure:13582: result: yes
configure:13582: checking for getuid
configure:13582: result: yes
configure:13582: checking for getgid
configure:13582: result: yes
configure:13582: checking for fileno
configure:13582: result: yes
configure:13595: checking for strtoull
configure:13595: result: yes
configure:13595: checking for getrlimit
configure:13595: result: yes
configure:13606: checking whether basename is declared
configure:13606: result: yes
configure:13617: checking whether ftello is declared
configure:13617: result: yes
configure:13628: checking whether ftello64 is declared
configure:13628: result: yes
configure:13639: checking whether fseeko is declared
configure:13639: result: yes
configure:13650: checking whether fseeko64 is declared
configure:13650: result: yes
configure:13670: checking whether ffs is declared
configure:13670: result: yes
configure:13681: checking whether free is declared
configure:13681: result: yes
configure:13692: checking whether getenv is declared
configure:13692: result: yes
configure:13703: checking whether malloc is declared
configure:13703: result: yes
configure:13714: checking whether realloc is declared
configure:13714: result: yes
configure:13725: checking whether stpcpy is declared
configure:13725: result: yes
configure:13736: checking whether strstr is declared
configure:13736: result: yes
configure:13747: checking whether snprintf is declared
configure:13747: result: yes
configure:13758: checking whether vsnprintf is declared
configure:13758: result: yes
configure:13784: checking for library containing zlibVersion
configure:13832: result: -lz
configure:13839: checking for zlib.h
configure:13839: result: yes
configure:14117: checking for sys/procfs.h
configure:14117: result: yes
configure:14128: checking for prstatus_t in sys/procfs.h
configure:14162: result: yes
configure:14165: checking for prstatus32_t in sys/procfs.h
configure:14199: result: no
configure:14202: checking for prstatus_t.pr_who in sys/procfs.h
configure:14236: result: no
configure:14239: checking for prstatus32_t.pr_who in sys/procfs.h
configure:14273: result: no
configure:14276: checking for pstatus_t in sys/procfs.h
configure:14310: result: no
configure:14313: checking for pxstatus_t in sys/procfs.h
configure:14347: result: no
configure:14350: checking for pstatus32_t in sys/procfs.h
configure:14384: result: no
configure:14387: checking for prpsinfo_t in sys/procfs.h
configure:14421: result: yes
configure:14424: checking for prpsinfo_t.pr_pid in sys/procfs.h
configure:14458: result: yes
configure:14461: checking for prpsinfo32_t in sys/procfs.h
configure:14495: result: no
configure:14498: checking for prpsinfo32_t.pr_pid in sys/procfs.h
configure:14532: result: no
configure:14535: checking for psinfo_t in sys/procfs.h
configure:14569: result: no
configure:14572: checking for psinfo_t.pr_pid in sys/procfs.h
configure:14606: result: no
configure:14609: checking for psinfo32_t in sys/procfs.h
configure:14643: result: no
configure:14646: checking for psinfo32_t.pr_pid in sys/procfs.h
configure:14680: result: no
configure:14683: checking for lwpstatus_t in sys/procfs.h
configure:14717: result: no
configure:14720: checking for lwpxstatus_t in sys/procfs.h
configure:14754: result: no
configure:14757: checking for lwpstatus_t.pr_context in sys/procfs.h
configure:14791: result: no
configure:14794: checking for lwpstatus_t.pr_reg in sys/procfs.h
configure:14828: result: no
configure:14831: checking for lwpstatus_t.pr_fpreg in sys/procfs.h
configure:14865: result: no
configure:14868: checking for win32_pstatus_t in sys/procfs.h
configure:14902: result: no
configure:14925: checking linker --as-needed support
configure:14936: result: yes
configure:15027: checking for cos in -lm
configure:15061: result: yes
configure:15618: checking for gcc version with buggy 64-bit support
configure:15631: result: no
configure:15670: checking for ftello
configure:15670: result: yes
configure:15670: checking for ftello64
configure:15670: result: yes
configure:15670: checking for fseeko
configure:15670: result: yes
configure:15670: checking for fseeko64
configure:15670: result: yes
configure:15670: checking for fopen64
configure:15670: result: yes
configure:15685: checking size of off_t
configure:15705: result: 8
configure:15716: checking file_ptr type
configure:15725: result: BFD_HOST_64_BIT
configure:15742: checking for stdlib.h
configure:15742: result: yes
configure:15742: checking for unistd.h
configure:15742: result: yes
configure:15755: checking for getpagesize
configure:15755: result: yes
configure:15764: checking for working mmap
configure:15911: result: yes
configure:15923: checking for madvise
configure:15923: result: yes
configure:15923: checking for mprotect
configure:15923: result: yes
configure:16085: creating ./config.status

## ---------------------- ##
## Running config.status. ##
## ---------------------- ##

This file was extended by bfd config.status 2.24.51, which was
generated by GNU Autoconf 2.64.  Invocation command line was

  CONFIG_FILES    = 
  CONFIG_HEADERS  = 
  CONFIG_LINKS    = 
  CONFIG_COMMANDS = 
  $ ./config.status 

on lha-vm

config.status:1232: creating Makefile
config.status:1232: creating doc/Makefile
config.status:1232: creating bfd-in3.h
config.status:1232: creating po/Makefile.in
config.status:1232: creating config.h
config.status:1404: config.h is unchanged
config.status:1452: executing depfiles commands
config.status:1452: executing libtool commands
config.status:1452: executing default-1 commands
config.status:1452: executing bfd_stdint.h commands
config.status:1452: executing default commands

## ---------------- ##
## Cache variables. ##
## ---------------- ##

ac_cv_build=x86_64-unknown-linux-gnu
ac_cv_c_compiler_gnu=yes
ac_cv_env_CC_set=set
ac_cv_env_CC_value=gcc
ac_cv_env_CFLAGS_set=set
ac_cv_env_CFLAGS_value='-g -O2'
ac_cv_env_CPPFLAGS_set=
ac_cv_env_CPPFLAGS_value=
ac_cv_env_CPP_set=
ac_cv_env_CPP_value=
ac_cv_env_LDFLAGS_set=set
ac_cv_env_LDFLAGS_value='-static-libstdc++ -static-libgcc '
ac_cv_env_LIBS_set=
ac_cv_env_LIBS_value=
ac_cv_env_build_alias_set=set
ac_cv_env_build_alias_value=x86_64-unknown-linux-gnu
ac_cv_env_host_alias_set=set
ac_cv_env_host_alias_value=x86_64-unknown-linux-gnu
ac_cv_env_target_alias_set=set
ac_cv_env_target_alias_value=x86_64-unknown-linux-gnu
ac_cv_func_dlopen=no
ac_cv_func_fcntl=yes
ac_cv_func_fdopen=yes
ac_cv_func_fileno=yes
ac_cv_func_fopen64=yes
ac_cv_func_fseeko64=yes
ac_cv_func_fseeko=yes
ac_cv_func_ftello64=yes
ac_cv_func_ftello=yes
ac_cv_func_getgid=yes
ac_cv_func_getpagesize=yes
ac_cv_func_getrlimit=yes
ac_cv_func_getuid=yes
ac_cv_func_madvise=yes
ac_cv_func_mmap_fixed_mapped=yes
ac_cv_func_mprotect=yes
ac_cv_func_setitimer=yes
ac_cv_func_shl_load=no
ac_cv_func_strtoull=yes
ac_cv_func_sysconf=yes
ac_cv_have_decl_basename=yes
ac_cv_have_decl_ffs=yes
ac_cv_have_decl_free=yes
ac_cv_have_decl_fseeko64=yes
ac_cv_have_decl_fseeko=yes
ac_cv_have_decl_ftello64=yes
ac_cv_have_decl_ftello=yes
ac_cv_have_decl_getenv=yes
ac_cv_have_decl_malloc=yes
ac_cv_have_decl_realloc=yes
ac_cv_have_decl_snprintf=yes
ac_cv_have_decl_stpcpy=yes
ac_cv_have_decl_strstr=yes
ac_cv_have_decl_vsnprintf=yes
ac_cv_header_alloca_h=yes
ac_cv_header_dirent_dirent_h=yes
ac_cv_header_dlfcn_h=yes
ac_cv_header_fcntl_h=yes
ac_cv_header_inttypes_h=yes
ac_cv_header_memory_h=yes
ac_cv_header_minix_config_h=no
ac_cv_header_stdc=yes
ac_cv_header_stddef_h=yes
ac_cv_header_stdint_h=yes
ac_cv_header_stdlib_h=yes
ac_cv_header_string_h=yes
ac_cv_header_strings_h=yes
ac_cv_header_sys_file_h=yes
ac_cv_header_sys_procfs_h=yes
ac_cv_header_sys_resource_h=yes
ac_cv_header_sys_stat_h=yes
ac_cv_header_sys_time_h=yes
ac_cv_header_sys_types_h=yes
ac_cv_header_time=yes
ac_cv_header_time_h=yes
ac_cv_header_unistd_h=yes
ac_cv_header_wchar_h=yes
ac_cv_header_windows_h=no
ac_cv_header_zlib_h=yes
ac_cv_host=x86_64-unknown-linux-gnu
ac_cv_lib_dl_dlopen=yes
ac_cv_lib_dld_shl_load=no
ac_cv_lib_m_cos=yes
ac_cv_objext=o
ac_cv_path_EGREP='/bin/grep -E'
ac_cv_path_FGREP='/bin/grep -F'
ac_cv_path_GMSGFMT=/usr/bin/msgfmt
ac_cv_path_GREP=/bin/grep
ac_cv_path_MSGFMT=/usr/bin/msgfmt
ac_cv_path_MSGMERGE=/usr/bin/msgmerge
ac_cv_path_SED=/bin/sed
ac_cv_path_XGETTEXT=/usr/bin/xgettext
ac_cv_path_mkdir=/bin/mkdir
ac_cv_prog_AR=ar
ac_cv_prog_AWK=mawk
ac_cv_prog_CC=gcc
ac_cv_prog_CPP='gcc -E'
ac_cv_prog_OBJDUMP=objdump
ac_cv_prog_RANLIB=ranlib
ac_cv_prog_ac_ct_STRIP=strip
ac_cv_prog_cc_c89=
ac_cv_prog_cc_g=yes
ac_cv_prog_make_make_set=yes
ac_cv_safe_to_define___extensions__=yes
ac_cv_search_opendir='none required'
ac_cv_search_strerror='none required'
ac_cv_search_zlibVersion=-lz
ac_cv_sizeof_long=8
ac_cv_sizeof_long_long=8
ac_cv_sizeof_off_t=8
ac_cv_sizeof_void_p=8
ac_cv_sys_file_offset_bits=no
ac_cv_sys_largefile_CC=no
ac_cv_target=x86_64-unknown-linux-gnu
ac_cv_type_int_fast32_t=yes
ac_cv_type_int_least32_t=yes
ac_cv_type_u_int64_t=no
ac_cv_type_uint64_t=yes
ac_cv_type_uintmax_t=yes
ac_cv_type_uintptr_t=yes
acx_cv_header_stdint=stdint.h
acx_cv_header_stdint_kind='(already complete)'
am_cv_CC_dependencies_compiler_type=gcc3
bfd_cv_have_sys_procfs_type_lwpstatus_t=no
bfd_cv_have_sys_procfs_type_lwpxstatus_t=no
bfd_cv_have_sys_procfs_type_member_lwpstatus_t_pr_context=no
bfd_cv_have_sys_procfs_type_member_lwpstatus_t_pr_fpreg=no
bfd_cv_have_sys_procfs_type_member_lwpstatus_t_pr_reg=no
bfd_cv_have_sys_procfs_type_member_prpsinfo32_t_pr_pid=no
bfd_cv_have_sys_procfs_type_member_prpsinfo_t_pr_pid=yes
bfd_cv_have_sys_procfs_type_member_prstatus32_t_pr_who=no
bfd_cv_have_sys_procfs_type_member_prstatus_t_pr_who=no
bfd_cv_have_sys_procfs_type_member_psinfo32_t_pr_pid=no
bfd_cv_have_sys_procfs_type_member_psinfo_t_pr_pid=no
bfd_cv_have_sys_procfs_type_prpsinfo32_t=no
bfd_cv_have_sys_procfs_type_prpsinfo_t=yes
bfd_cv_have_sys_procfs_type_prstatus32_t=no
bfd_cv_have_sys_procfs_type_prstatus_t=yes
bfd_cv_have_sys_procfs_type_psinfo32_t=no
bfd_cv_have_sys_procfs_type_psinfo_t=no
bfd_cv_have_sys_procfs_type_pstatus32_t=no
bfd_cv_have_sys_procfs_type_pstatus_t=no
bfd_cv_have_sys_procfs_type_pxstatus_t=no
bfd_cv_have_sys_procfs_type_win32_pstatus_t=no
bfd_cv_ld_as_needed=yes
gcc_cv_header_string=yes
lt_cv_deplibs_check_method=pass_all
lt_cv_dlopen=dlopen
lt_cv_dlopen_libs=-ldl
lt_cv_dlopen_self=yes
lt_cv_dlopen_self_static=no
lt_cv_file_magic_cmd='$MAGIC_CMD'
lt_cv_file_magic_test_file=
lt_cv_ld_reload_flag=-r
lt_cv_nm_interface='BSD nm'
lt_cv_objdir=.libs
lt_cv_path_LD=ld
lt_cv_path_NM=nm
lt_cv_prog_compiler_c_o=yes
lt_cv_prog_compiler_pic_works=yes
lt_cv_prog_compiler_rtti_exceptions=no
lt_cv_prog_compiler_static_works=yes
lt_cv_prog_gnu_ld=yes
lt_cv_shlibpath_overrides_runpath=no
lt_cv_sys_global_symbol_pipe='sed -n -e '\''s/^.*[	 ]\([ABCDGIRSTW][ABCDGIRSTW]*\)[	 ][	 ]*\([_A-Za-z][_A-Za-z0-9]*\)$/\1 \2 \2/p'\'''
lt_cv_sys_global_symbol_to_c_name_address='sed -n -e '\''s/^: \([^ ]*\) $/  {\"\1\", (void *) 0},/p'\'' -e '\''s/^[ABCDGIRSTW]* \([^ ]*\) \([^ ]*\)$/  {"\2", (void *) \&\2},/p'\'''
lt_cv_sys_global_symbol_to_c_name_address_lib_prefix='sed -n -e '\''s/^: \([^ ]*\) $/  {\"\1\", (void *) 0},/p'\'' -e '\''s/^[ABCDGIRSTW]* \([^ ]*\) \(lib[^ ]*\)$/  {"\2", (void *) \&\2},/p'\'' -e '\''s/^[ABCDGIRSTW]* \([^ ]*\) \([^ ]*\)$/  {"lib\2", (void *) \&\2},/p'\'''
lt_cv_sys_global_symbol_to_cdecl='sed -n -e '\''s/^T .* \(.*\)$/extern int \1();/p'\'' -e '\''s/^[ABCDGIRSTW]* .* \(.*\)$/extern char \1;/p'\'''
lt_cv_sys_max_cmd_len=3458764513820540925

## ----------------- ##
## Output variables. ##
## ----------------- ##

ACLOCAL='${SHELL} /home/larmstrong/gdb_source/gdb-7.7.1/missing --run aclocal-1.11'
AMDEPBACKSLASH='\'
AMDEP_FALSE='#'
AMDEP_TRUE=''
AMTAR='${SHELL} /home/larmstrong/gdb_source/gdb-7.7.1/missing --run tar'
AR='ar'
AUTOCONF='${SHELL} /home/larmstrong/gdb_source/gdb-7.7.1/missing --run autoconf'
AUTOHEADER='${SHELL} /home/larmstrong/gdb_source/gdb-7.7.1/missing --run autoheader'
AUTOMAKE='${SHELL} /home/larmstrong/gdb_source/gdb-7.7.1/missing --run automake-1.11'
AWK='mawk'
BFD_HOSTPTR_T='unsigned long'
BFD_HOST_64BIT_LONG='1'
BFD_HOST_64BIT_LONG_LONG='0'
BFD_HOST_64_BIT='long'
BFD_HOST_64_BIT_DEFINED='1'
BFD_HOST_U_64_BIT='unsigned long'
CATALOGS=' da.gmo es.gmo fi.gmo fr.gmo id.gmo ja.gmo ro.gmo ru.gmo rw.gmo sv.gmo tr.gmo uk.gmo vi.gmo zh_CN.gmo da.gmo es.gmo fi.gmo fr.gmo id.gmo ja.gmo ro.gmo ru.gmo rw.gmo sv.gmo tr.gmo uk.gmo vi.gmo zh_CN.gmo'
CATOBJEXT='.gmo'
CC='gcc'
CCDEPMODE='depmode=gcc3'
CC_FOR_BUILD='gcc'
CFLAGS='-g -O2'
COREFILE=''
COREFLAG=''
CPP='gcc -E'
CPPFLAGS=''
CYGPATH_W='echo'
DATADIRNAME='share'
DEBUGDIR='${exec_prefix}/lib/debug'
DEFS='-DHAVE_CONFIG_H'
DEPDIR='.deps'
DSYMUTIL=''
DUMPBIN=''
ECHO_C=''
ECHO_N='-n'
ECHO_T=''
EGREP='/bin/grep -E'
EXEEXT=''
EXEEXT_FOR_BUILD='$(EXEEXT)'
FGREP='/bin/grep -F'
GENCAT='gencat'
GENINSRC_NEVER_FALSE=''
GENINSRC_NEVER_TRUE='#'
GMSGFMT='/usr/bin/msgfmt'
GREP='/bin/grep'
HDEFINES=''
INCINTL=''
INSTALL_DATA='/usr/bin/install -c -m 644'
INSTALL_LIBBFD_FALSE='#'
INSTALL_LIBBFD_TRUE=''
INSTALL_PROGRAM='/usr/bin/install -c'
INSTALL_SCRIPT='/usr/bin/install -c'
INSTALL_STRIP_PROGRAM='$(install_sh) -c -s'
INSTOBJEXT='.mo'
LD='ld -m elf_x86_64'
LDFLAGS='-static-libstdc++ -static-libgcc '
LIBINTL=''
LIBINTL_DEP=''
LIBM='-lm'
LIBOBJS=''
LIBS='-lz '
LIBTOOL='$(SHELL) $(top_builddir)/libtool'
LIPO=''
LN_S='ln -s'
LTLIBOBJS=''
MAINT='#'
MAINTAINER_MODE_FALSE=''
MAINTAINER_MODE_TRUE='#'
MAKEINFO='/home/larmstrong/gdb_source/gdb-7.7.1/missing makeinfo --split-size=5000000'
MKDIR_P='/bin/mkdir -p'
MKINSTALLDIRS='$(top_builddir)/./../mkinstalldirs'
MSGFMT='/usr/bin/msgfmt'
MSGMERGE='/usr/bin/msgmerge'
NM='nm'
NMEDIT=''
NO_WERROR='-Wno-error'
OBJDUMP='objdump'
OBJEXT='o'
OTOOL64=''
OTOOL=''
PACKAGE='bfd'
PACKAGE_BUGREPORT=''
PACKAGE_NAME='bfd'
PACKAGE_STRING='bfd 2.24.51'
PACKAGE_TARNAME='bfd'
PACKAGE_URL=''
PACKAGE_VERSION='2.24.51'
PATH_SEPARATOR=':'
PKGVERSION='(GNU Binutils) '
PLUGINS_FALSE=''
PLUGINS_TRUE='#'
POSUB='po'
RANLIB='ranlib'
REPORT_BUGS_TEXI='@uref{http://www.sourceware.org/bugzilla/}'
REPORT_BUGS_TO='<http://www.sourceware.org/bugzilla/>'
SED='/bin/sed'
SET_MAKE=''
SHARED_LDFLAGS=''
SHARED_LIBADD=''
SHELL='/bin/bash'
STRIP='strip'
TDEFINES=' '
USE_NLS='yes'
VERSION='2.24.51'
WARN_CFLAGS='-W -Wall -Wstrict-prototypes -Wmissing-prototypes -Wshadow -Werror'
XGETTEXT='/usr/bin/xgettext'
ac_ct_CC=''
ac_ct_DUMPBIN=''
all_backends='$(BFD64_BACKENDS) $(BFD32_BACKENDS)'
am__EXEEXT_FALSE=''
am__EXEEXT_TRUE='#'
am__fastdepCC_FALSE='#'
am__fastdepCC_TRUE=''
am__include='include'
am__isrc=''
am__leading_dot='.'
am__quote=''
am__tar='${AMTAR} chof - "$$tardir"'
am__untar='${AMTAR} xf -'
bfd64_libs='$(BFD64_LIBS)'
bfd_backends=' elf64-x86-64.lo elf-ifunc.lo elf-nacl.lo elf64.lo elf.lo elflink.lo elf-attrs.lo elf-strtab.lo elf-eh-frame.lo dwarf1.lo elf32-i386.lo elf-vxworks.lo elf32.lo i386linux.lo aout32.lo pei-i386.lo peigen.lo cofflink.lo pei-x86_64.lo pex64igen.lo elf64-gen.lo elf32-gen.lo'
bfd_default_target_size='64'
bfd_file_ptr='BFD_HOST_64_BIT'
bfd_machines=' cpu-i386.lo cpu-l1om.lo cpu-k1om.lo'
bfd_ufile_ptr='BFD_HOST_U_64_BIT'
bfdincludedir='$(includedir)'
bfdlibdir='$(libdir)'
bindir='${exec_prefix}/bin'
build='x86_64-unknown-linux-gnu'
build_alias='x86_64-unknown-linux-gnu'
build_cpu='x86_64'
build_os='linux-gnu'
build_vendor='unknown'
datadir='${datarootdir}'
datarootdir='${prefix}/share'
docdir='${datarootdir}/doc/${PACKAGE_TARNAME}'
dvidir='${docdir}'
exec_prefix='${prefix}'
havevecs='-DHAVE_bfd_elf64_x86_64_vec -DHAVE_bfd_elf32_i386_vec -DHAVE_bfd_elf32_x86_64_vec -DHAVE_i386linux_vec -DHAVE_i386pei_vec -DHAVE_x86_64pei_vec -DHAVE_bfd_elf64_l1om_vec -DHAVE_bfd_elf64_k1om_vec -DHAVE_bfd_elf64_little_generic_vec -DHAVE_bfd_elf64_big_generic_vec -DHAVE_bfd_elf32_little_generic_vec -DHAVE_bfd_elf32_big_generic_vec'
host='x86_64-unknown-linux-gnu'
host_alias='x86_64-unknown-linux-gnu'
host_cpu='x86_64'
host_noncanonical='x86_64-unknown-linux-gnu'
host_os='linux-gnu'
host_vendor='unknown'
htmldir='${docdir}'
includedir='${prefix}/include'
infodir='${datarootdir}/info'
install_sh='${SHELL} /home/larmstrong/gdb_source/gdb-7.7.1/install-sh'
libdir='${exec_prefix}/lib'
libexecdir='${exec_prefix}/libexec'
localedir='${datarootdir}/locale'
localstatedir='${prefix}/var'
lt_cv_dlopen_libs='-ldl'
mandir='${datarootdir}/man'
mkdir_p='/bin/mkdir -p'
oldincludedir='/usr/include'
pdfdir='${docdir}'
prefix='/usr/local'
program_transform_name='s,y,y,'
psdir='${docdir}'
sbindir='${exec_prefix}/sbin'
sharedstatedir='${prefix}/com'
supports_plugins='0'
sysconfdir='${prefix}/etc'
target='x86_64-unknown-linux-gnu'
target_alias='x86_64-unknown-linux-gnu'
target_cpu='x86_64'
target_noncanonical='x86_64-unknown-linux-gnu'
target_os='linux-gnu'
target_vendor='unknown'
tdefaults=' -DDEFAULT_VECTOR=bfd_elf64_x86_64_vec -DSELECT_VECS='\''&bfd_elf64_x86_64_vec,&bfd_elf32_i386_vec,&bfd_elf32_x86_64_vec,&i386linux_vec,&i386pei_vec,&x86_64pei_vec,&bfd_elf64_l1om_vec,&bfd_elf64_k1om_vec,&bfd_elf64_little_generic_vec,&bfd_elf64_big_generic_vec,&bfd_elf32_little_generic_vec,&bfd_elf32_big_generic_vec'\'' -DSELECT_ARCHITECTURES='\''&bfd_i386_arch,&bfd_l1om_arch,&bfd_k1om_arch'\'''
wordsize='64'

## ----------- ##
## confdefs.h. ##
## ----------- ##

/* confdefs.h */
#define PACKAGE_NAME "bfd"
#define PACKAGE_TARNAME "bfd"
#define PACKAGE_VERSION "2.24.51"
#define PACKAGE_STRING "bfd 2.24.51"
#define PACKAGE_BUGREPORT ""
#define PACKAGE_URL ""
#define PACKAGE "bfd"
#define VERSION "2.24.51"
#define STDC_HEADERS 1
#define HAVE_SYS_TYPES_H 1
#define HAVE_SYS_STAT_H 1
#define HAVE_STDLIB_H 1
#define HAVE_STRING_H 1
#define HAVE_MEMORY_H 1
#define HAVE_STRINGS_H 1
#define HAVE_INTTYPES_H 1
#define HAVE_STDINT_H 1
#define HAVE_UNISTD_H 1
#define __EXTENSIONS__ 1
#define _ALL_SOURCE 1
#define _GNU_SOURCE 1
#define _POSIX_PTHREAD_SEMANTICS 1
#define _TANDEM_SOURCE 1
#define HAVE_DLFCN_H 1
#define LT_OBJDIR ".libs/"
#define ENABLE_NLS 1
#define SIZEOF_LONG_LONG 8
#define SIZEOF_VOID_P 8
#define SIZEOF_LONG 8
#define HAVE_ALLOCA_H 1
#define HAVE_STDDEF_H 1
#define HAVE_STRING_H 1
#define HAVE_STRINGS_H 1
#define HAVE_STDLIB_H 1
#define HAVE_TIME_H 1
#define HAVE_UNISTD_H 1
#define HAVE_WCHAR_H 1
#define HAVE_FCNTL_H 1
#define HAVE_SYS_FILE_H 1
#define HAVE_SYS_TIME_H 1
#define HAVE_SYS_STAT_H 1
#define HAVE_SYS_RESOURCE_H 1
#define TIME_WITH_SYS_TIME 1
#define HAVE_DIRENT_H 1
#define HAVE_DLFCN_H 1
#define STRING_WITH_STRINGS 1
#define HAVE_FCNTL 1
#define HAVE_GETPAGESIZE 1
#define HAVE_SETITIMER 1
#define HAVE_SYSCONF 1
#define HAVE_FDOPEN 1
#define HAVE_GETUID 1
#define HAVE_GETGID 1
#define HAVE_FILENO 1
#define HAVE_STRTOULL 1
#define HAVE_GETRLIMIT 1
#define HAVE_DECL_BASENAME 1
#define HAVE_DECL_FTELLO 1
#define HAVE_DECL_FTELLO64 1
#define HAVE_DECL_FSEEKO 1
#define HAVE_DECL_FSEEKO64 1
#define HAVE_DECL_FFS 1
#define HAVE_DECL_FREE 1
#define HAVE_DECL_GETENV 1
#define HAVE_DECL_MALLOC 1
#define HAVE_DECL_REALLOC 1
#define HAVE_DECL_STPCPY 1
#define HAVE_DECL_STRSTR 1
#define HAVE_DECL_SNPRINTF 1
#define HAVE_DECL_VSNPRINTF 1
#define HAVE_ZLIB_H 1
#define HAVE_SYS_PROCFS_H 1
#define HAVE_PRSTATUS_T 1
#define HAVE_PRPSINFO_T 1
#define HAVE_PRPSINFO_T_PR_PID 1
#define CORE_HEADER "hosts/x86-64linux.h"
#define HAVE_FTELLO 1
#define HAVE_FTELLO64 1
#define HAVE_FSEEKO 1
#define HAVE_FSEEKO64 1
#define HAVE_FOPEN64 1
#define SIZEOF_OFF_T 8
#define HAVE_STDLIB_H 1
#define HAVE_UNISTD_H 1
#define HAVE_GETPAGESIZE 1
#define HAVE_MMAP 1
#define HAVE_MADVISE 1
#define HAVE_MPROTECT 1

configure: exit 0
